  [1m[35m (39.9ms)[0m  [1m[35mCREATE TABLE "schema_migrations" ("version" character varying NOT NULL PRIMARY KEY)[0m
  [1m[35m (27.6ms)[0m  [1m[35mCREATE TABLE "ar_internal_metadata" ("key" character varying NOT NULL PRIMARY KEY, "value" character varying, "created_at" timestamp NOT NULL, "updated_at" timestamp NOT NULL)[0m
  [1m[35m (5.9ms)[0m  [1m[34mSELECT pg_try_advisory_lock(6893908860389655930)[0m
  [1m[35m (1.0ms)[0m  [1m[34mSELECT "schema_migrations"."version" FROM "schema_migrations" ORDER BY "schema_migrations"."version" ASC[0m
Migrating to Scaffold (20180327044652)
  [1m[35m (0.1ms)[0m  [1m[35mBEGIN[0m
  [1m[35mSQL (22.5ms)[0m  [1m[32mINSERT INTO "schema_migrations" ("version") VALUES ($1) RETURNING "version"[0m  [["version", "20180327044652"]]
  [1m[35m (0.4ms)[0m  [1m[35mCOMMIT[0m
  [1m[36mActiveRecord::InternalMetadata Load (0.6ms)[0m  [1m[34mSELECT  "ar_internal_metadata".* FROM "ar_internal_metadata" WHERE "ar_internal_metadata"."key" = $1 LIMIT $2[0m  [["key", "environment"], ["LIMIT", 1]]
  [1m[35m (0.2ms)[0m  [1m[35mBEGIN[0m
  [1m[35mSQL (7.2ms)[0m  [1m[32mINSERT INTO "ar_internal_metadata" ("key", "value", "created_at", "updated_at") VALUES ($1, $2, $3, $4) RETURNING "key"[0m  [["key", "environment"], ["value", "development"], ["created_at", "2018-03-27 04:47:09.414472"], ["updated_at", "2018-03-27 04:47:09.414472"]]
  [1m[35m (5.8ms)[0m  [1m[35mCOMMIT[0m
  [1m[35m (0.5ms)[0m  [1m[34mSELECT pg_advisory_unlock(6893908860389655930)[0m
  [1m[35m (0.2ms)[0m  [1m[34mSELECT "schema_migrations"."version" FROM "schema_migrations" ORDER BY "schema_migrations"."version" ASC[0m
  [1m[35m (0.1ms)[0m  [1m[34mSELECT pg_try_advisory_lock(6893908860389655930)[0m
  [1m[35m (0.4ms)[0m  [1m[34mSELECT "schema_migrations"."version" FROM "schema_migrations" ORDER BY "schema_migrations"."version" ASC[0m
  [1m[36mActiveRecord::InternalMetadata Load (6.9ms)[0m  [1m[34mSELECT  "ar_internal_metadata".* FROM "ar_internal_metadata" WHERE "ar_internal_metadata"."key" = $1 LIMIT $2[0m  [["key", "environment"], ["LIMIT", 1]]
  [1m[35m (0.1ms)[0m  [1m[35mBEGIN[0m
  [1m[35m (0.1ms)[0m  [1m[35mCOMMIT[0m
  [1m[35m (0.2ms)[0m  [1m[34mSELECT pg_advisory_unlock(6893908860389655930)[0m
  [1m[35m (0.2ms)[0m  [1m[34mSELECT "schema_migrations"."version" FROM "schema_migrations" ORDER BY "schema_migrations"."version" ASC[0m
  [1m[35m (0.3ms)[0m  [1m[34mSELECT pg_try_advisory_lock(6893908860389655930)[0m
  [1m[35m (7.2ms)[0m  [1m[34mSELECT "schema_migrations"."version" FROM "schema_migrations" ORDER BY "schema_migrations"."version" ASC[0m
Migrating to CreateUsers (20180327052946)
  [1m[35m (0.2ms)[0m  [1m[35mBEGIN[0m
  [1m[35m (34.0ms)[0m  [1m[35mCREATE TABLE "users" ("id" bigserial primary key, "user_name" character varying, "password" character varying, "created_at" timestamp NOT NULL, "updated_at" timestamp NOT NULL)[0m
  [1m[35mSQL (0.4ms)[0m  [1m[32mINSERT INTO "schema_migrations" ("version") VALUES ($1) RETURNING "version"[0m  [["version", "20180327052946"]]
  [1m[35m (0.5ms)[0m  [1m[35mCOMMIT[0m
  [1m[36mActiveRecord::InternalMetadata Load (0.5ms)[0m  [1m[34mSELECT  "ar_internal_metadata".* FROM "ar_internal_metadata" WHERE "ar_internal_metadata"."key" = $1 LIMIT $2[0m  [["key", "environment"], ["LIMIT", 1]]
  [1m[35m (0.2ms)[0m  [1m[35mBEGIN[0m
  [1m[35m (0.1ms)[0m  [1m[35mCOMMIT[0m
  [1m[35m (0.2ms)[0m  [1m[34mSELECT pg_advisory_unlock(6893908860389655930)[0m
  [1m[35m (0.2ms)[0m  [1m[34mSELECT "schema_migrations"."version" FROM "schema_migrations" ORDER BY "schema_migrations"."version" ASC[0m
Started GET "/" for 127.0.0.1 at 2018-03-27 13:02:03 +0700
  [1m[35m (6.9ms)[0m  [1m[34mSELECT "schema_migrations"."version" FROM "schema_migrations" ORDER BY "schema_migrations"."version" ASC[0m
Processing by LoginController#index as HTML
  Rendering login/index.html.haml within layouts/application
  Rendered login/index.html.haml within layouts/application (8.8ms)
Completed 500 Internal Server Error in 26ms (ActiveRecord: 0.0ms)


  
SyntaxError (/Users/tuyet.tran/Work/rails_login/app/views/login/index.html.haml:14: syntax error, unexpected tSYMBEG, expecting keyword_do or '{' or '('
...orm.text_field :user_name, id :user_user_name
...                               ^
/Users/tuyet.tran/Work/rails_login/app/views/login/index.html.haml:17: syntax error, unexpected tSYMBEG, expecting keyword_do or '{' or '('
....password_field :password, id :user_password
...                               ^):
  
app/views/login/index.html.haml:14: syntax error, unexpected tSYMBEG, expecting keyword_do or '{' or '('
app/views/login/index.html.haml:17: syntax error, unexpected tSYMBEG, expecting keyword_do or '{' or '('
Started GET "/" for 127.0.0.1 at 2018-03-27 13:02:42 +0700
Processing by LoginController#index as HTML
  Rendering login/index.html.haml within layouts/application
  Rendered login/index.html.haml within layouts/application (5.3ms)
Completed 500 Internal Server Error in 13ms (ActiveRecord: 0.0ms)


  
SyntaxError (/Users/tuyet.tran/Work/rails_login/app/views/login/index.html.haml:14: syntax error, unexpected tSYMBEG, expecting keyword_do or '{' or '('
...orm.text_field :user_name, id :user_user_name
...                               ^
/Users/tuyet.tran/Work/rails_login/app/views/login/index.html.haml:17: syntax error, unexpected tSYMBEG, expecting keyword_do or '{' or '('
...form.text_field :password, id :user_password
...                               ^):
  
app/views/login/index.html.haml:14: syntax error, unexpected tSYMBEG, expecting keyword_do or '{' or '('
app/views/login/index.html.haml:17: syntax error, unexpected tSYMBEG, expecting keyword_do or '{' or '('
Started GET "/" for 127.0.0.1 at 2018-03-27 13:05:35 +0700
Processing by LoginController#index as HTML
  Rendering login/index.html.haml within layouts/application
  Rendered login/index.html.haml within layouts/application (2.9ms)
Completed 500 Internal Server Error in 11ms (ActiveRecord: 0.0ms)


  
SyntaxError (/Users/tuyet.tran/Work/rails_login/app/views/login/index.html.haml:14: syntax error, unexpected tSYMBEG, expecting keyword_do or '{' or '('
...orm.text_field :user_name, id :user_user_name
...                               ^
/Users/tuyet.tran/Work/rails_login/app/views/login/index.html.haml:17: syntax error, unexpected tSYMBEG, expecting keyword_do or '{' or '('
...form.text_field :password, id :user_password
...                               ^):
  
app/views/login/index.html.haml:14: syntax error, unexpected tSYMBEG, expecting keyword_do or '{' or '('
app/views/login/index.html.haml:17: syntax error, unexpected tSYMBEG, expecting keyword_do or '{' or '('
Started GET "/" for 127.0.0.1 at 2018-03-27 13:07:44 +0700
Processing by LoginController#index as HTML
  Rendering login/index.html.haml within layouts/application
  Rendered login/index.html.haml within layouts/application (3.2ms)
Completed 500 Internal Server Error in 12ms (ActiveRecord: 0.0ms)


  
SyntaxError (/Users/tuyet.tran/Work/rails_login/app/views/login/index.html.haml:14: syntax error, unexpected tSYMBEG, expecting keyword_do or '{' or '('
...orm.text_field :user_name, id :user_user_name
...                               ^
/Users/tuyet.tran/Work/rails_login/app/views/login/index.html.haml:17: syntax error, unexpected tSYMBEG, expecting keyword_do or '{' or '('
...form.text_field :password, id :user_password
...                               ^):
  
app/views/login/index.html.haml:14: syntax error, unexpected tSYMBEG, expecting keyword_do or '{' or '('
app/views/login/index.html.haml:17: syntax error, unexpected tSYMBEG, expecting keyword_do or '{' or '('
Started GET "/" for 127.0.0.1 at 2018-03-27 13:08:49 +0700
Processing by LoginController#index as HTML
  Rendering login/index.html.haml within layouts/application
  Rendered login/index.html.haml within layouts/application (2.9ms)
Completed 500 Internal Server Error in 11ms (ActiveRecord: 0.0ms)


  
SyntaxError (/Users/tuyet.tran/Work/rails_login/app/views/login/index.html.haml:14: syntax error, unexpected tSYMBEG, expecting keyword_do or '{' or '('
...orm.text_field :user_name, id :user_user_name
...                               ^
/Users/tuyet.tran/Work/rails_login/app/views/login/index.html.haml:17: syntax error, unexpected tSYMBEG, expecting keyword_do or '{' or '('
...form.text_field :password, id :user_password
...                               ^):
  
app/views/login/index.html.haml:14: syntax error, unexpected tSYMBEG, expecting keyword_do or '{' or '('
app/views/login/index.html.haml:17: syntax error, unexpected tSYMBEG, expecting keyword_do or '{' or '('
Started GET "/" for 127.0.0.1 at 2018-03-27 13:10:35 +0700
Processing by LoginController#index as HTML
  Rendering login/index.html.haml within layouts/application
  Rendered login/index.html.haml within layouts/application (2.2ms)
Completed 500 Internal Server Error in 11ms (ActiveRecord: 0.0ms)


  
SyntaxError (/Users/tuyet.tran/Work/rails_login/app/views/login/index.html.haml:14: syntax error, unexpected tSYMBEG, expecting keyword_do or '{' or '('
...orm.text_field :user_name, id :user_user_name
...                               ^
/Users/tuyet.tran/Work/rails_login/app/views/login/index.html.haml:17: syntax error, unexpected tSYMBEG, expecting keyword_do or '{' or '('
...form.text_field :password, id :user_password
...                               ^):
  
app/views/login/index.html.haml:14: syntax error, unexpected tSYMBEG, expecting keyword_do or '{' or '('
app/views/login/index.html.haml:17: syntax error, unexpected tSYMBEG, expecting keyword_do or '{' or '('
Started GET "/" for 127.0.0.1 at 2018-03-27 13:14:55 +0700
  [1m[35m (7.3ms)[0m  [1m[34mSELECT "schema_migrations"."version" FROM "schema_migrations" ORDER BY "schema_migrations"."version" ASC[0m
Processing by LoginController#index as HTML
  Rendering login/index.html.haml within layouts/application
  Rendered login/index.html.haml within layouts/application (16.9ms)
Completed 200 OK in 473ms (Views: 464.4ms | ActiveRecord: 0.0ms)


Started GET "/users" for 127.0.0.1 at 2018-03-27 13:15:08 +0700
Processing by UsersController#index as HTML
  Rendering users/index.html.haml within layouts/application
  [1m[36mUser Load (6.7ms)[0m  [1m[34mSELECT "users".* FROM "users"[0m
  Rendered users/index.html.haml within layouts/application (17.6ms)
Completed 200 OK in 57ms (Views: 41.9ms | ActiveRecord: 8.1ms)


Started GET "/users/new" for 127.0.0.1 at 2018-03-27 13:15:10 +0700
Processing by UsersController#new as HTML
  Rendering users/new.html.haml within layouts/application
  Rendered users/_form.html.haml (6.4ms)
  Rendered users/new.html.haml within layouts/application (10.3ms)
Completed 200 OK in 71ms (Views: 40.8ms | ActiveRecord: 4.3ms)


Started POST "/users" for 127.0.0.1 at 2018-03-27 13:15:17 +0700
Processing by UsersController#create as HTML
  Parameters: {"utf8"=>"✓", "authenticity_token"=>"qRE7DdGaYn33RJXktG1tlckS9UdlZmB2LiZ9JfL2SaYd76sCtIpwKZacfCMQw2uAVP0kQf+ElfwACgsSeSvglg==", "user"=>{"user_name"=>"tuyet", "password"=>"[FILTERED]"}, "commit"=>"Create User"}
  [1m[35m (0.1ms)[0m  [1m[35mBEGIN[0m
  [1m[35mSQL (7.0ms)[0m  [1m[32mINSERT INTO "users" ("user_name", "password", "created_at", "updated_at") VALUES ($1, $2, $3, $4) RETURNING "id"[0m  [["user_name", "tuyet"], ["password", "1234"], ["created_at", "2018-03-27 06:15:17.213135"], ["updated_at", "2018-03-27 06:15:17.213135"]]
  [1m[35m (11.7ms)[0m  [1m[35mCOMMIT[0m
Redirected to http://localhost:3000/users/1
Completed 302 Found in 24ms (ActiveRecord: 18.8ms)


Started GET "/users/1" for 127.0.0.1 at 2018-03-27 13:15:17 +0700
Processing by UsersController#show as HTML
  Parameters: {"id"=>"1"}
  [1m[36mUser Load (0.2ms)[0m  [1m[34mSELECT  "users".* FROM "users" WHERE "users"."id" = $1 LIMIT $2[0m  [["id", 1], ["LIMIT", 1]]
  Rendering users/show.html.haml within layouts/application
  Rendered users/show.html.haml within layouts/application (2.8ms)
Completed 200 OK in 33ms (Views: 24.2ms | ActiveRecord: 0.4ms)


Started GET "/users" for 127.0.0.1 at 2018-03-27 13:15:18 +0700
Processing by UsersController#index as HTML
  Rendering users/index.html.haml within layouts/application
  [1m[36mUser Load (0.7ms)[0m  [1m[34mSELECT "users".* FROM "users"[0m
  Rendered users/index.html.haml within layouts/application (16.4ms)
Completed 200 OK in 50ms (Views: 46.7ms | ActiveRecord: 0.7ms)


Started GET "/users/new" for 127.0.0.1 at 2018-03-27 13:15:20 +0700
Processing by UsersController#new as HTML
  Rendering users/new.html.haml within layouts/application
  Rendered users/_form.html.haml (5.6ms)
  Rendered users/new.html.haml within layouts/application (9.8ms)
Completed 200 OK in 35ms (Views: 32.4ms | ActiveRecord: 0.0ms)


Started POST "/users" for 127.0.0.1 at 2018-03-27 13:15:32 +0700
Processing by UsersController#create as HTML
  Parameters: {"utf8"=>"✓", "authenticity_token"=>"vY0/x3NOdvyTz78zvj3hS3wMHtahglSUKytUo81GhHYJc6/IFl5kqPIXVvQak+de4ePP0DtgoR4FByKURpstRg==", "user"=>{"user_name"=>"yuki", "password"=>"[FILTERED]"}, "commit"=>"Create User"}
  [1m[35m (0.2ms)[0m  [1m[35mBEGIN[0m
  [1m[35mSQL (0.5ms)[0m  [1m[32mINSERT INTO "users" ("user_name", "password", "created_at", "updated_at") VALUES ($1, $2, $3, $4) RETURNING "id"[0m  [["user_name", "yuki"], ["password", "1234"], ["created_at", "2018-03-27 06:15:32.045154"], ["updated_at", "2018-03-27 06:15:32.045154"]]
  [1m[35m (5.7ms)[0m  [1m[35mCOMMIT[0m
Redirected to http://localhost:3000/users/2
Completed 302 Found in 11ms (ActiveRecord: 6.3ms)


Started GET "/users/2" for 127.0.0.1 at 2018-03-27 13:15:32 +0700
Processing by UsersController#show as HTML
  Parameters: {"id"=>"2"}
  [1m[36mUser Load (0.4ms)[0m  [1m[34mSELECT  "users".* FROM "users" WHERE "users"."id" = $1 LIMIT $2[0m  [["id", 2], ["LIMIT", 1]]
  Rendering users/show.html.haml within layouts/application
  Rendered users/show.html.haml within layouts/application (1.8ms)
Completed 200 OK in 23ms (Views: 19.0ms | ActiveRecord: 0.4ms)


Started GET "/users" for 127.0.0.1 at 2018-03-27 13:15:35 +0700
Processing by UsersController#index as HTML
  Rendering users/index.html.haml within layouts/application
  [1m[36mUser Load (0.2ms)[0m  [1m[34mSELECT "users".* FROM "users"[0m
  Rendered users/index.html.haml within layouts/application (4.1ms)
Completed 200 OK in 47ms (Views: 36.4ms | ActiveRecord: 0.2ms)


Started GET "/" for 127.0.0.1 at 2018-03-27 13:15:35 +0700
Processing by LoginController#index as HTML
  Rendering login/index.html.haml within layouts/application
  Rendered login/index.html.haml within layouts/application (6.6ms)
Completed 200 OK in 36ms (Views: 27.2ms | ActiveRecord: 0.0ms)


Started POST "/login" for 127.0.0.1 at 2018-03-27 13:15:44 +0700
Processing by LoginController#check_login as HTML
  Parameters: {"utf8"=>"✓", "authenticity_token"=>"R8066v3vdDjonndGdzerSZfqZGWn8bQaG8cJNIab6PY3sPsbdbN6OwLMx20q93LtRwdgog9w4HsNtWvgu8vcOg==", "user"=>{"user_name"=>"tuyet", "password"=>"[FILTERED]"}, "commit"=>"Login"}
  [1m[36mUser Load (0.3ms)[0m  [1m[34mSELECT  "users".* FROM "users" WHERE "users"."user_name" IS NULL AND "users"."password" IS NULL LIMIT $1[0m  [["LIMIT", 1]]
Completed 500 Internal Server Error in 2ms (ActiveRecord: 0.3ms)


  
ArgumentError (too few arguments):
  
app/controllers/login_controller.rb:12:in `format'
app/controllers/login_controller.rb:12:in `check_login'
Started POST "/login" for 127.0.0.1 at 2018-03-27 13:16:29 +0700
Processing by LoginController#check_login as HTML
  Parameters: {"utf8"=>"✓", "authenticity_token"=>"R8066v3vdDjonndGdzerSZfqZGWn8bQaG8cJNIab6PY3sPsbdbN6OwLMx20q93LtRwdgog9w4HsNtWvgu8vcOg==", "user"=>{"user_name"=>"tuyet", "password"=>"[FILTERED]"}, "commit"=>"Login"}
  [1m[36mUser Load (0.2ms)[0m  [1m[34mSELECT  "users".* FROM "users" WHERE "users"."user_name" IS NULL AND "users"."password" IS NULL LIMIT $1[0m  [["LIMIT", 1]]
Completed 500 Internal Server Error in 6ms (ActiveRecord: 1.5ms)


  
ArgumentError (too few arguments):
  
app/controllers/login_controller.rb:12:in `format'
app/controllers/login_controller.rb:12:in `check_login'
Started POST "/login" for 127.0.0.1 at 2018-03-27 13:17:13 +0700
Processing by LoginController#check_login as HTML
  Parameters: {"utf8"=>"✓", "authenticity_token"=>"R8066v3vdDjonndGdzerSZfqZGWn8bQaG8cJNIab6PY3sPsbdbN6OwLMx20q93LtRwdgog9w4HsNtWvgu8vcOg==", "user"=>{"user_name"=>"tuyet", "password"=>"[FILTERED]"}, "commit"=>"Login"}
  [1m[36mUser Load (0.2ms)[0m  [1m[34mSELECT  "users".* FROM "users" WHERE "users"."user_name" IS NULL AND "users"."password" IS NULL LIMIT $1[0m  [["LIMIT", 1]]
No template found for LoginController#check_login, rendering head :no_content
Completed 204 No Content in 61ms (ActiveRecord: 2.4ms)


Started GET "/" for 127.0.0.1 at 2018-03-27 13:18:57 +0700
Processing by LoginController#index as HTML
  Rendering login/index.html.haml within layouts/application
  Rendered login/index.html.haml within layouts/application (4.3ms)
Completed 200 OK in 33ms (Views: 30.3ms | ActiveRecord: 0.0ms)


Started POST "/login" for 127.0.0.1 at 2018-03-27 13:19:08 +0700
Processing by LoginController#check_login as HTML
  Parameters: {"utf8"=>"✓", "authenticity_token"=>"r+Orc28Abz4JOINLIZP44TWjT8NDbf/N17mG+H7yCvPfnmqC51xhPeNqM2B8UyFF5U5LBOvsq6zBy+QsQ6I+Pw==", "user"=>{"user_name"=>"tuyet", "password"=>"[FILTERED]"}, "commit"=>"Login"}
  [1m[36mUser Load (0.2ms)[0m  [1m[34mSELECT  "users".* FROM "users" WHERE "users"."user_name" IS NULL AND "users"."password" IS NULL LIMIT $1[0m  [["LIMIT", 1]]
Completed 500 Internal Server Error in 8ms (ActiveRecord: 1.8ms)


  
ArgumentError (too few arguments):
  
app/controllers/login_controller.rb:12:in `format'
app/controllers/login_controller.rb:12:in `check_login'
Started GET "/login" for 127.0.0.1 at 2018-03-27 13:20:32 +0700
  
ArgumentError (Missing :controller key on routes definition, please check your routes.):
  
config/routes.rb:7:in `block in <top (required)>'
config/routes.rb:1:in `<top (required)>'
Started GET "/login" for 127.0.0.1 at 2018-03-27 13:20:57 +0700
  
ActionController::RoutingError (No route matches [GET] "/login"):
  
actionpack (5.1.5) lib/action_dispatch/middleware/debug_exceptions.rb:63:in `call'
web-console (3.5.1) lib/web_console/middleware.rb:135:in `call_app'
web-console (3.5.1) lib/web_console/middleware.rb:28:in `block in call'
web-console (3.5.1) lib/web_console/middleware.rb:18:in `catch'
web-console (3.5.1) lib/web_console/middleware.rb:18:in `call'
actionpack (5.1.5) lib/action_dispatch/middleware/show_exceptions.rb:31:in `call'
railties (5.1.5) lib/rails/rack/logger.rb:36:in `call_app'
railties (5.1.5) lib/rails/rack/logger.rb:24:in `block in call'
activesupport (5.1.5) lib/active_support/tagged_logging.rb:69:in `block in tagged'
activesupport (5.1.5) lib/active_support/tagged_logging.rb:26:in `tagged'
activesupport (5.1.5) lib/active_support/tagged_logging.rb:69:in `tagged'
railties (5.1.5) lib/rails/rack/logger.rb:24:in `call'
sprockets-rails (3.2.1) lib/sprockets/rails/quiet_assets.rb:13:in `call'
actionpack (5.1.5) lib/action_dispatch/middleware/remote_ip.rb:79:in `call'
actionpack (5.1.5) lib/action_dispatch/middleware/request_id.rb:25:in `call'
rack (2.0.4) lib/rack/method_override.rb:22:in `call'
rack (2.0.4) lib/rack/runtime.rb:22:in `call'
activesupport (5.1.5) lib/active_support/cache/strategy/local_cache_middleware.rb:27:in `call'
actionpack (5.1.5) lib/action_dispatch/middleware/executor.rb:12:in `call'
actionpack (5.1.5) lib/action_dispatch/middleware/static.rb:125:in `call'
rack (2.0.4) lib/rack/sendfile.rb:111:in `call'
railties (5.1.5) lib/rails/engine.rb:522:in `call'
puma (3.11.3) lib/puma/configuration.rb:225:in `call'
puma (3.11.3) lib/puma/server.rb:624:in `handle_request'
puma (3.11.3) lib/puma/server.rb:438:in `process_client'
puma (3.11.3) lib/puma/server.rb:302:in `block in run'
puma (3.11.3) lib/puma/thread_pool.rb:120:in `block in spawn_thread'
Started GET "/" for 127.0.0.1 at 2018-03-27 13:21:19 +0700
Processing by LoginController#index as HTML
  Rendering login/index.html.haml within layouts/application
  Rendered login/index.html.haml within layouts/application (3.8ms)
Completed 200 OK in 41ms (Views: 38.8ms | ActiveRecord: 0.0ms)


Started POST "/login" for 127.0.0.1 at 2018-03-27 13:21:33 +0700
Processing by LoginController#check_login as HTML
  Parameters: {"utf8"=>"✓", "authenticity_token"=>"HR4X3FHqVtfuy2IY/e9/BkSOeHxmQp0DQItOfzkN6LdtY9Yt2bZY1ASZ0jOgL6ailGN8u87DyWJW+SyrBF3cew==", "user"=>{"user_name"=>"tuyet", "password"=>"[FILTERED]"}, "commit"=>"Login"}
  [1m[36mUser Load (0.3ms)[0m  [1m[34mSELECT  "users".* FROM "users" WHERE "users"."user_name" IS NULL AND "users"."password" IS NULL LIMIT $1[0m  [["LIMIT", 1]]
Completed 500 Internal Server Error in 9ms (ActiveRecord: 1.7ms)


  
ArgumentError (too few arguments):
  
app/controllers/login_controller.rb:12:in `format'
app/controllers/login_controller.rb:12:in `check_login'
Started GET "/" for 127.0.0.1 at 2018-03-27 13:21:50 +0700
Processing by LoginController#index as HTML
  Rendering login/index.html.haml within layouts/application
  Rendered login/index.html.haml within layouts/application (3.1ms)
Completed 200 OK in 35ms (Views: 31.2ms | ActiveRecord: 0.0ms)


Started POST "/login" for 127.0.0.1 at 2018-03-27 13:21:58 +0700
Processing by LoginController#check_login as HTML
  Parameters: {"utf8"=>"✓", "authenticity_token"=>"WoUyHFJ1jlPtrujPi4i2mc1rkm9TjT/d1T40eEj2xoAq+PPt2imAUAf8WOTWSG89HYaWqPsMa7zDTFasdabyTA==", "user"=>{"user_name"=>"fff", "password"=>"[FILTERED]"}, "commit"=>"Login"}
  [1m[36mUser Load (0.3ms)[0m  [1m[34mSELECT  "users".* FROM "users" WHERE "users"."user_name" IS NULL AND "users"."password" IS NULL LIMIT $1[0m  [["LIMIT", 1]]
Completed 500 Internal Server Error in 8ms (ActiveRecord: 1.4ms)


  
ArgumentError (too few arguments):
  
app/controllers/login_controller.rb:12:in `format'
app/controllers/login_controller.rb:12:in `check_login'
Started POST "/login" for 127.0.0.1 at 2018-03-27 13:22:39 +0700
Processing by LoginController#check_login as HTML
  Parameters: {"utf8"=>"✓", "authenticity_token"=>"WoUyHFJ1jlPtrujPi4i2mc1rkm9TjT/d1T40eEj2xoAq+PPt2imAUAf8WOTWSG89HYaWqPsMa7zDTFasdabyTA==", "user"=>{"user_name"=>"fff", "password"=>"[FILTERED]"}, "commit"=>"Login"}
  [1m[36mUser Load (0.2ms)[0m  [1m[34mSELECT  "users".* FROM "users" WHERE "users"."user_name" IS NULL AND "users"."password" IS NULL LIMIT $1[0m  [["LIMIT", 1]]
Completed 500 Internal Server Error in 7ms (ActiveRecord: 2.2ms)


  
ArgumentError (too few arguments):
  
app/controllers/login_controller.rb:12:in `format'
app/controllers/login_controller.rb:12:in `check_login'
Started POST "/login" for 127.0.0.1 at 2018-03-27 13:22:55 +0700
Processing by LoginController#check_login as HTML
  Parameters: {"utf8"=>"✓", "authenticity_token"=>"WoUyHFJ1jlPtrujPi4i2mc1rkm9TjT/d1T40eEj2xoAq+PPt2imAUAf8WOTWSG89HYaWqPsMa7zDTFasdabyTA==", "user"=>{"user_name"=>"fff", "password"=>"[FILTERED]"}, "commit"=>"Login"}
  [1m[36mUser Load (0.3ms)[0m  [1m[34mSELECT  "users".* FROM "users" WHERE "users"."user_name" IS NULL AND "users"."password" IS NULL LIMIT $1[0m  [["LIMIT", 1]]
Completed 500 Internal Server Error in 6ms (ActiveRecord: 1.2ms)


  
ArgumentError (too few arguments):
  
app/controllers/login_controller.rb:12:in `format'
app/controllers/login_controller.rb:12:in `check_login'
Started GET "/" for 127.0.0.1 at 2018-03-27 13:22:59 +0700
Processing by LoginController#index as HTML
  Rendering login/index.html.haml within layouts/application
  Rendered login/index.html.haml within layouts/application (3.5ms)
Completed 200 OK in 42ms (Views: 40.0ms | ActiveRecord: 0.0ms)


Started POST "/login" for 127.0.0.1 at 2018-03-27 13:23:04 +0700
Processing by LoginController#check_login as HTML
  Parameters: {"utf8"=>"✓", "authenticity_token"=>"JdYxWH2fNzoeCpVBNEDyVFcido5SITKat0t+OwJgSDFVq/Cp9cM5OfRYJWppgCvwh89ySfqgZvuhORzvPzB8/Q==", "user"=>{"user_name"=>"tuyet", "password"=>"[FILTERED]"}, "commit"=>"Login"}
  [1m[36mUser Load (0.3ms)[0m  [1m[34mSELECT  "users".* FROM "users" WHERE "users"."user_name" IS NULL AND "users"."password" IS NULL LIMIT $1[0m  [["LIMIT", 1]]
Completed 500 Internal Server Error in 2ms (ActiveRecord: 0.3ms)


  
ArgumentError (too few arguments):
  
app/controllers/login_controller.rb:12:in `format'
app/controllers/login_controller.rb:12:in `check_login'
Started POST "/login" for 127.0.0.1 at 2018-03-27 13:23:26 +0700
Processing by LoginController#check_login as HTML
  Parameters: {"utf8"=>"✓", "authenticity_token"=>"JdYxWH2fNzoeCpVBNEDyVFcido5SITKat0t+OwJgSDFVq/Cp9cM5OfRYJWppgCvwh89ySfqgZvuhORzvPzB8/Q==", "user"=>{"user_name"=>"tuyet", "password"=>"[FILTERED]"}, "commit"=>"Login"}
  [1m[36mUser Load (0.5ms)[0m  [1m[34mSELECT  "users".* FROM "users" WHERE "users"."user_name" IS NULL AND "users"."password" IS NULL LIMIT $1[0m  [["LIMIT", 1]]
Completed 500 Internal Server Error in 25259ms (ActiveRecord: 2.1ms)


  
ArgumentError (too few arguments):
  
app/controllers/login_controller.rb:13:in `format'
app/controllers/login_controller.rb:13:in `check_login'
Started GET "/login" for 127.0.0.1 at 2018-03-27 13:23:59 +0700
  
ArgumentError (Missing :controller key on routes definition, please check your routes.):
  
config/routes.rb:7:in `block in <top (required)>'
config/routes.rb:1:in `<top (required)>'
Started GET "/login" for 127.0.0.1 at 2018-03-27 13:24:40 +0700
Processing by LoginController#index as HTML
  Rendering login/index.html.haml within layouts/application
  Rendered login/index.html.haml within layouts/application (4.0ms)
Completed 200 OK in 50ms (Views: 48.0ms | ActiveRecord: 0.0ms)


Started GET "/" for 127.0.0.1 at 2018-03-27 13:24:51 +0700
Processing by LoginController#index as HTML
  Rendering login/index.html.haml within layouts/application
  Rendered login/index.html.haml within layouts/application (3.4ms)
Completed 200 OK in 27ms (Views: 25.4ms | ActiveRecord: 0.0ms)


Started GET "/login" for 127.0.0.1 at 2018-03-27 13:24:56 +0700
Processing by LoginController#index as HTML
  Rendering login/index.html.haml within layouts/application
  Rendered login/index.html.haml within layouts/application (2.8ms)
Completed 200 OK in 22ms (Views: 19.4ms | ActiveRecord: 0.0ms)


Started GET "/login" for 127.0.0.1 at 2018-03-27 13:25:01 +0700
  
ActionController::RoutingError (No route matches [GET] "/login"):
  
actionpack (5.1.5) lib/action_dispatch/middleware/debug_exceptions.rb:63:in `call'
web-console (3.5.1) lib/web_console/middleware.rb:135:in `call_app'
web-console (3.5.1) lib/web_console/middleware.rb:28:in `block in call'
web-console (3.5.1) lib/web_console/middleware.rb:18:in `catch'
web-console (3.5.1) lib/web_console/middleware.rb:18:in `call'
actionpack (5.1.5) lib/action_dispatch/middleware/show_exceptions.rb:31:in `call'
railties (5.1.5) lib/rails/rack/logger.rb:36:in `call_app'
railties (5.1.5) lib/rails/rack/logger.rb:24:in `block in call'
activesupport (5.1.5) lib/active_support/tagged_logging.rb:69:in `block in tagged'
activesupport (5.1.5) lib/active_support/tagged_logging.rb:26:in `tagged'
activesupport (5.1.5) lib/active_support/tagged_logging.rb:69:in `tagged'
railties (5.1.5) lib/rails/rack/logger.rb:24:in `call'
sprockets-rails (3.2.1) lib/sprockets/rails/quiet_assets.rb:13:in `call'
actionpack (5.1.5) lib/action_dispatch/middleware/remote_ip.rb:79:in `call'
actionpack (5.1.5) lib/action_dispatch/middleware/request_id.rb:25:in `call'
rack (2.0.4) lib/rack/method_override.rb:22:in `call'
rack (2.0.4) lib/rack/runtime.rb:22:in `call'
activesupport (5.1.5) lib/active_support/cache/strategy/local_cache_middleware.rb:27:in `call'
actionpack (5.1.5) lib/action_dispatch/middleware/executor.rb:12:in `call'
actionpack (5.1.5) lib/action_dispatch/middleware/static.rb:125:in `call'
rack (2.0.4) lib/rack/sendfile.rb:111:in `call'
railties (5.1.5) lib/rails/engine.rb:522:in `call'
puma (3.11.3) lib/puma/configuration.rb:225:in `call'
puma (3.11.3) lib/puma/server.rb:624:in `handle_request'
puma (3.11.3) lib/puma/server.rb:438:in `process_client'
puma (3.11.3) lib/puma/server.rb:302:in `block in run'
puma (3.11.3) lib/puma/thread_pool.rb:120:in `block in spawn_thread'
Started GET "/login" for 127.0.0.1 at 2018-03-27 13:25:14 +0700
Processing by LoginController#index as HTML
  Rendering login/index.html.haml within layouts/application
  Rendered login/index.html.haml within layouts/application (2.9ms)
Completed 200 OK in 23ms (Views: 21.3ms | ActiveRecord: 0.0ms)


Started POST "/login" for 127.0.0.1 at 2018-03-27 13:25:19 +0700
Processing by LoginController#check_login as HTML
  Parameters: {"utf8"=>"✓", "authenticity_token"=>"YdW0jEeq0RmWAqyClvVeqvF7Dlcx7m0Ohd+J71lXbFURqHV9z/bfGnxQHKnLNYcOIZYKkJlvOW+Tres7ZAdYmQ==", "user"=>{"user_name"=>"tuyet", "password"=>"[FILTERED]"}, "commit"=>"Login"}
  [1m[36mUser Load (0.3ms)[0m  [1m[34mSELECT  "users".* FROM "users" WHERE "users"."user_name" IS NULL AND "users"."password" IS NULL LIMIT $1[0m  [["LIMIT", 1]]
Completed 500 Internal Server Error in 11933ms (ActiveRecord: 1.9ms)


  
ArgumentError (too few arguments):
  
app/controllers/login_controller.rb:13:in `format'
app/controllers/login_controller.rb:13:in `check_login'
Started POST "/login" for 127.0.0.1 at 2018-03-27 13:25:49 +0700
Processing by LoginController#check_login as HTML
  Parameters: {"utf8"=>"✓", "authenticity_token"=>"YdW0jEeq0RmWAqyClvVeqvF7Dlcx7m0Ohd+J71lXbFURqHV9z/bfGnxQHKnLNYcOIZYKkJlvOW+Tres7ZAdYmQ==", "user"=>{"user_name"=>"tuyet", "password"=>"[FILTERED]"}, "commit"=>"Login"}
  [1m[36mUser Load (0.7ms)[0m  [1m[34mSELECT  "users".* FROM "users" WHERE "users"."user_name" IS NULL AND "users"."password" IS NULL LIMIT $1[0m  [["LIMIT", 1]]
Completed 500 Internal Server Error in 8ms (ActiveRecord: 2.3ms)


  
ArgumentError (too few arguments):
  
app/controllers/login_controller.rb:13:in `format'
app/controllers/login_controller.rb:13:in `check_login'
Started POST "/login" for 127.0.0.1 at 2018-03-27 13:26:02 +0700
Processing by LoginController#check_login as HTML
  Parameters: {"utf8"=>"✓", "authenticity_token"=>"YdW0jEeq0RmWAqyClvVeqvF7Dlcx7m0Ohd+J71lXbFURqHV9z/bfGnxQHKnLNYcOIZYKkJlvOW+Tres7ZAdYmQ==", "user"=>{"user_name"=>"tuyet", "password"=>"[FILTERED]"}, "commit"=>"Login"}
  [1m[36mUser Load (0.3ms)[0m  [1m[34mSELECT  "users".* FROM "users" WHERE "users"."user_name" IS NULL AND "users"."password" IS NULL LIMIT $1[0m  [["LIMIT", 1]]
Redirected to http://localhost:3000/login
Completed 302 Found in 7ms (ActiveRecord: 1.4ms)


Started GET "/login" for 127.0.0.1 at 2018-03-27 13:26:02 +0700
Processing by LoginController#index as HTML
  Rendering login/index.html.haml within layouts/application
  Rendered login/index.html.haml within layouts/application (4.5ms)
Completed 200 OK in 46ms (Views: 42.9ms | ActiveRecord: 0.0ms)


Started POST "/login" for 127.0.0.1 at 2018-03-27 13:26:06 +0700
Processing by LoginController#check_login as HTML
  Parameters: {"utf8"=>"✓", "authenticity_token"=>"Wnz1p+ubQqoUzWehqcFRZUL41LGjLmuilo+vb+HVl0UqATRWY8dMqf6f14r0AYjBkhXQdguvP8OA/c273IWjiQ==", "user"=>{"user_name"=>"tuyet", "password"=>"[FILTERED]"}, "commit"=>"Login"}
  [1m[36mUser Load (0.2ms)[0m  [1m[34mSELECT  "users".* FROM "users" WHERE "users"."user_name" IS NULL AND "users"."password" IS NULL LIMIT $1[0m  [["LIMIT", 1]]
Redirected to http://localhost:3000/login
Completed 302 Found in 2ms (ActiveRecord: 0.2ms)


Started GET "/login" for 127.0.0.1 at 2018-03-27 13:26:06 +0700
Processing by LoginController#index as HTML
  Rendering login/index.html.haml within layouts/application
  Rendered login/index.html.haml within layouts/application (4.2ms)
Completed 200 OK in 28ms (Views: 26.7ms | ActiveRecord: 0.0ms)


Started GET "/login" for 127.0.0.1 at 2018-03-27 13:26:14 +0700
Processing by LoginController#index as HTML
  Rendering login/index.html.haml within layouts/application
  Rendered login/index.html.haml within layouts/application (3.0ms)
Completed 200 OK in 28ms (Views: 25.9ms | ActiveRecord: 0.0ms)


Started POST "/login" for 127.0.0.1 at 2018-03-27 13:26:19 +0700
Processing by LoginController#check_login as HTML
  Parameters: {"utf8"=>"✓", "authenticity_token"=>"hZuUOmm4ilBFWYsGW6Uu8vf4mN+XQyclgB9lRYKYqij15lXL4eSEU68LOy0GZfdWJxWcGD/Cc0SWbQeRv8ie5A==", "user"=>{"user_name"=>"tuyet", "password"=>"[FILTERED]"}, "commit"=>"Login"}
  [1m[36mUser Load (0.3ms)[0m  [1m[34mSELECT  "users".* FROM "users" WHERE "users"."user_name" IS NULL AND "users"."password" IS NULL LIMIT $1[0m  [["LIMIT", 1]]
Redirected to http://localhost:3000/login
Completed 302 Found in 9ms (ActiveRecord: 2.3ms)


Started GET "/login" for 127.0.0.1 at 2018-03-27 13:26:19 +0700
Processing by LoginController#index as HTML
  Rendering login/index.html.haml within layouts/application
  Rendered login/index.html.haml within layouts/application (4.9ms)
Completed 200 OK in 29ms (Views: 27.0ms | ActiveRecord: 0.0ms)


Started GET "/login" for 127.0.0.1 at 2018-03-27 13:27:01 +0700
Processing by LoginController#index as HTML
  Rendering login/index.html.haml within layouts/application
  Rendered login/index.html.haml within layouts/application (3.6ms)
Completed 200 OK in 33ms (Views: 31.2ms | ActiveRecord: 0.0ms)


Started POST "/login" for 127.0.0.1 at 2018-03-27 13:27:07 +0700
Processing by LoginController#check_login as HTML
  Parameters: {"utf8"=>"✓", "authenticity_token"=>"HJ8us8eFC1RuCrk0AXDWfJ6Rbtm2JY0tF1IIoQIQyjZs4u9CT9kFV4RYCR9csA/YTnxqHh6k2UwBIGp1P0D++g==", "user"=>{"user_name"=>"tuyet", "password"=>"[FILTERED]"}, "commit"=>"Login"}
  [1m[36mUser Load (0.2ms)[0m  [1m[34mSELECT  "users".* FROM "users" WHERE "users"."user_name" IS NULL AND "users"."password" IS NULL LIMIT $1[0m  [["LIMIT", 1]]
Redirected to http://localhost:3000/login
Completed 302 Found in 2ms (ActiveRecord: 0.2ms)


Started GET "/login" for 127.0.0.1 at 2018-03-27 13:27:07 +0700
Processing by LoginController#index as HTML
  Rendering login/index.html.haml within layouts/application
  Rendered login/index.html.haml within layouts/application (3.7ms)
Completed 200 OK in 28ms (Views: 25.5ms | ActiveRecord: 0.0ms)


Started GET "/login" for 127.0.0.1 at 2018-03-27 13:27:42 +0700
Processing by LoginController#index as HTML
  Rendering login/index.html.haml within layouts/application
  Rendered login/index.html.haml within layouts/application (5.1ms)
Completed 200 OK in 43ms (Views: 39.9ms | ActiveRecord: 0.0ms)


Started POST "/login" for 127.0.0.1 at 2018-03-27 13:27:47 +0700
Processing by LoginController#check_login as HTML
  Parameters: {"utf8"=>"✓", "authenticity_token"=>"YlSxSCrjyDGojaTfxdb8Wr7ymdAzetGTyV1BwZeoDUoSKXC5or/GMkLfFPSYFiX+bh+dF5v7hfLfLyMVqvg5hg==", "user_name"=>"tuyet", "user_password"=>"[FILTERED]", "commit"=>"Login"}
  [1m[36mUser Load (0.7ms)[0m  [1m[34mSELECT  "users".* FROM "users" WHERE "users"."user_name" = $1 AND "users"."password" IS NULL LIMIT $2[0m  [["user_name", "tuyet"], ["LIMIT", 1]]
Redirected to http://localhost:3000/login
Completed 302 Found in 3ms (ActiveRecord: 0.7ms)


Started GET "/login" for 127.0.0.1 at 2018-03-27 13:27:47 +0700
Processing by LoginController#index as HTML
  Rendering login/index.html.haml within layouts/application
  Rendered login/index.html.haml within layouts/application (3.3ms)
Completed 200 OK in 28ms (Views: 26.0ms | ActiveRecord: 0.0ms)


Started GET "/login" for 127.0.0.1 at 2018-03-27 13:28:05 +0700
Processing by LoginController#index as HTML
  Rendering login/index.html.haml within layouts/application
  Rendered login/index.html.haml within layouts/application (4.1ms)
Completed 200 OK in 36ms (Views: 33.2ms | ActiveRecord: 0.0ms)


Started POST "/login" for 127.0.0.1 at 2018-03-27 13:28:14 +0700
Processing by LoginController#check_login as HTML
  Parameters: {"utf8"=>"✓", "authenticity_token"=>"UXXFukJdIaLp3Rs0VTioGIg0L1lcCEWFAGjlJ2W09s0hCARLygEvoQOPqx8I+HG8WNkrnvSJEeQWGofzWOTCAQ==", "user_name"=>"tuyet", "password"=>"[FILTERED]", "commit"=>"Login"}
  [1m[36mUser Load (0.2ms)[0m  [1m[34mSELECT  "users".* FROM "users" WHERE "users"."user_name" = $1 AND "users"."password" = $2 LIMIT $3[0m  [["user_name", "tuyet"], ["password", "1234"], ["LIMIT", 1]]
Redirected to http://localhost:3000users
Completed 302 Found in 10ms (ActiveRecord: 2.4ms)


Started POST "/login" for 127.0.0.1 at 2018-03-27 13:28:43 +0700
Processing by LoginController#check_login as HTML
  Parameters: {"utf8"=>"✓", "authenticity_token"=>"UXXFukJdIaLp3Rs0VTioGIg0L1lcCEWFAGjlJ2W09s0hCARLygEvoQOPqx8I+HG8WNkrnvSJEeQWGofzWOTCAQ==", "user_name"=>"tuyet", "password"=>"[FILTERED]", "commit"=>"Login"}
  [1m[36mUser Load (0.2ms)[0m  [1m[34mSELECT  "users".* FROM "users" WHERE "users"."user_name" = $1 AND "users"."password" = $2 LIMIT $3[0m  [["user_name", "tuyet"], ["password", "1234"], ["LIMIT", 1]]
Redirected to http://localhost:3000/users
Completed 302 Found in 14ms (ActiveRecord: 3.0ms)


Started GET "/users" for 127.0.0.1 at 2018-03-27 13:28:43 +0700
Processing by UsersController#index as HTML
  Rendering users/index.html.haml within layouts/application
  [1m[36mUser Load (0.2ms)[0m  [1m[34mSELECT "users".* FROM "users"[0m
  Rendered users/index.html.haml within layouts/application (7.3ms)
Completed 200 OK in 45ms (Views: 40.8ms | ActiveRecord: 0.2ms)


Started GET "/" for 127.0.0.1 at 2018-03-27 13:30:13 +0700
Processing by LoginController#index as HTML
  Rendering login/index.html.haml within layouts/application
  Rendered login/index.html.haml within layouts/application (3.6ms)
Completed 200 OK in 34ms (Views: 32.2ms | ActiveRecord: 0.0ms)


Started POST "/login" for 127.0.0.1 at 2018-03-27 13:33:20 +0700
Processing by LoginController#check_login as HTML
  Parameters: {"utf8"=>"✓", "authenticity_token"=>"dbC6SflGEcTpw2OQC2hZadjxnWrMMorV4rJQxE8B6ooFzXu4cRofxwOR07tWqIDNCByZrWSz3rT0wDIQclHeRg==", "user_name"=>"tuyet", "password"=>"[FILTERED]", "commit"=>"Login"}
  [1m[36mUser Load (0.2ms)[0m  [1m[34mSELECT  "users".* FROM "users" WHERE "users"."user_name" = $1 AND "users"."password" = $2 LIMIT $3[0m  [["user_name", "tuyet"], ["password", "222"], ["LIMIT", 1]]
Redirected to http://localhost:3000/login
Completed 302 Found in 6ms (ActiveRecord: 1.1ms)


Started GET "/login" for 127.0.0.1 at 2018-03-27 13:33:20 +0700
Processing by LoginController#index as HTML
  Rendering login/index.html.haml within layouts/application
  Rendered login/index.html.haml within layouts/application (3.4ms)
Completed 200 OK in 38ms (Views: 35.5ms | ActiveRecord: 0.0ms)


Started GET "/" for 127.0.0.1 at 2018-03-27 14:04:46 +0700
Processing by LoginController#index as HTML
  Rendering login/index.html.haml within layouts/application
  Rendered login/index.html.haml within layouts/application (13.6ms)
Completed 200 OK in 74ms (Views: 69.8ms | ActiveRecord: 0.0ms)


Started POST "/login" for 127.0.0.1 at 2018-03-27 14:04:51 +0700
Processing by LoginController#check_login as HTML
  Parameters: {"utf8"=>"✓", "authenticity_token"=>"76xTNpESrR0Nr+bbk5ZfrWQuQJfWwn509YPX+Bk7VMif0ZLHGU6jHuf9VvDOVoYJtMNEUH5DKhXj8bUsJGtgBA==", "user_name"=>"www", "password"=>"[FILTERED]", "commit"=>"Login"}
  [1m[36mUser Load (0.6ms)[0m  [1m[34mSELECT  "users".* FROM "users" WHERE "users"."user_name" = $1 AND "users"."password" = $2 LIMIT $3[0m  [["user_name", "www"], ["password", "www"], ["LIMIT", 1]]
Completed 500 Internal Server Error in 19ms (ActiveRecord: 2.8ms)


  
ActionView::MissingTemplate (Missing template login/login_path, application/login_path with {:locale=>[:en], :formats=>[:html], :variants=>[], :handlers=>[:raw, :erb, :html, :builder, :ruby, :coffee, :haml, :jbuilder]}. Searched in:
  * "/Users/tuyet.tran/Work/rails_login/app/views"
):
  
app/controllers/login_controller.rb:11:in `check_login'
Started POST "/login" for 127.0.0.1 at 2018-03-27 14:05:45 +0700
Processing by LoginController#check_login as HTML
  Parameters: {"utf8"=>"✓", "authenticity_token"=>"76xTNpESrR0Nr+bbk5ZfrWQuQJfWwn509YPX+Bk7VMif0ZLHGU6jHuf9VvDOVoYJtMNEUH5DKhXj8bUsJGtgBA==", "user_name"=>"www", "password"=>"[FILTERED]", "commit"=>"Login"}
  [1m[36mUser Load (0.3ms)[0m  [1m[34mSELECT  "users".* FROM "users" WHERE "users"."user_name" = $1 AND "users"."password" = $2 LIMIT $3[0m  [["user_name", "www"], ["password", "www"], ["LIMIT", 1]]
  Rendering login/index.html.haml within layouts/application
  Rendered login/index.html.haml within layouts/application (3.6ms)
Completed 200 OK in 60ms (Views: 53.4ms | ActiveRecord: 1.7ms)


Started GET "/" for 127.0.0.1 at 2018-03-27 14:10:27 +0700
Processing by LoginController#index as HTML
  Rendering login/index.html.haml within layouts/application
  Rendered login/index.html.haml within layouts/application (2.9ms)
Completed 200 OK in 30ms (Views: 28.2ms | ActiveRecord: 0.0ms)


Started POST "/login" for 127.0.0.1 at 2018-03-27 14:11:20 +0700
Processing by LoginController#check_login as HTML
  Parameters: {"utf8"=>"✓", "authenticity_token"=>"xvWQF3dbZILkeSpNrAydnhvsu5U/qSQatttmNvXGK2S2iFHm/wdqgQ4rmmbxzEQ6ywG/UpcocHugqQTiyJYfqA==", "user_name"=>"tuyet", "password"=>"[FILTERED]", "commit"=>"Login"}
  [1m[36mUser Load (0.2ms)[0m  [1m[34mSELECT  "users".* FROM "users" WHERE "users"."user_name" = $1 AND "users"."password" = $2 LIMIT $3[0m  [["user_name", "tuyet"], ["password", "1234"], ["LIMIT", 1]]
Redirected to http://localhost:3000/users
Completed 302 Found in 19ms (ActiveRecord: 4.3ms)


Started GET "/users" for 127.0.0.1 at 2018-03-27 14:11:20 +0700
Processing by UsersController#index as HTML
  Rendering users/index.html.haml within layouts/application
  [1m[36mUser Load (0.2ms)[0m  [1m[34mSELECT "users".* FROM "users"[0m
  Rendered users/index.html.haml within layouts/application (9.2ms)
Completed 200 OK in 55ms (Views: 52.3ms | ActiveRecord: 0.2ms)


Started GET "/" for 127.0.0.1 at 2018-03-27 14:21:56 +0700
Processing by LoginController#index as HTML
  Rendering login/index.html.haml within layouts/application
  Rendered login/index.html.haml within layouts/application (14.5ms)
Completed 200 OK in 76ms (Views: 71.4ms | ActiveRecord: 0.0ms)


Started POST "/login" for 127.0.0.1 at 2018-03-27 14:22:01 +0700
Processing by LoginController#check_login as HTML
  Parameters: {"utf8"=>"✓", "authenticity_token"=>"D0AuRr7vuyyg0lWftaqAsUOOIPKE1yWy/Rqv7Jb+8cB/Pe+3NrO1L0qA5bToalkVk2MkNSxWcdPraM04q67FDA==", "user_name"=>"wwww", "password"=>"[FILTERED]", "commit"=>"Login"}
  [1m[36mUser Load (0.3ms)[0m  [1m[34mSELECT  "users".* FROM "users" WHERE "users"."user_name" = $1 AND "users"."password" = $2 LIMIT $3[0m  [["user_name", "wwww"], ["password", ""], ["LIMIT", 1]]
  Rendering login/error.html.haml within layouts/application
  Rendered login/error.html.haml within layouts/application (2.4ms)
Completed 200 OK in 44ms (Views: 30.8ms | ActiveRecord: 2.7ms)


Started POST "/login" for 127.0.0.1 at 2018-03-27 14:22:52 +0700
Processing by LoginController#check_login as HTML
  Parameters: {"utf8"=>"✓", "authenticity_token"=>"D0AuRr7vuyyg0lWftaqAsUOOIPKE1yWy/Rqv7Jb+8cB/Pe+3NrO1L0qA5bToalkVk2MkNSxWcdPraM04q67FDA==", "user_name"=>"wwww", "password"=>"[FILTERED]", "commit"=>"Login"}
  [1m[36mUser Load (0.2ms)[0m  [1m[34mSELECT  "users".* FROM "users" WHERE "users"."user_name" = $1 AND "users"."password" = $2 LIMIT $3[0m  [["user_name", "wwww"], ["password", ""], ["LIMIT", 1]]
  Rendering login/error.html.haml within layouts/application
  Rendered login/error.html.haml within layouts/application (2.2ms)
Completed 200 OK in 43ms (Views: 36.4ms | ActiveRecord: 1.1ms)


Started POST "/login" for 127.0.0.1 at 2018-03-27 14:24:37 +0700
Processing by LoginController#check_login as HTML
  Parameters: {"utf8"=>"✓", "authenticity_token"=>"D0AuRr7vuyyg0lWftaqAsUOOIPKE1yWy/Rqv7Jb+8cB/Pe+3NrO1L0qA5bToalkVk2MkNSxWcdPraM04q67FDA==", "user_name"=>"wwww", "password"=>"[FILTERED]", "commit"=>"Login"}
  [1m[36mUser Load (0.1ms)[0m  [1m[34mSELECT  "users".* FROM "users" WHERE "users"."user_name" = $1 AND "users"."password" = $2 LIMIT $3[0m  [["user_name", "wwww"], ["password", ""], ["LIMIT", 1]]
  Rendering login/error.html.haml within layouts/application
  Rendered login/error.html.haml within layouts/application (2.5ms)
Completed 500 Internal Server Error in 15ms (ActiveRecord: 1.2ms)


  
ActionView::Template::Error (Illegal nesting: content can't be both given on the same line as %h1 and nested within it.):
    1: %h1 Show errors
    2:   %p
    3:     = @notice
  
app/views/login/error.html.haml:2
app/controllers/login_controller.rb:12:in `check_login'
Started POST "/login" for 127.0.0.1 at 2018-03-27 14:24:54 +0700
Processing by LoginController#check_login as HTML
  Parameters: {"utf8"=>"✓", "authenticity_token"=>"D0AuRr7vuyyg0lWftaqAsUOOIPKE1yWy/Rqv7Jb+8cB/Pe+3NrO1L0qA5bToalkVk2MkNSxWcdPraM04q67FDA==", "user_name"=>"wwww", "password"=>"[FILTERED]", "commit"=>"Login"}
  [1m[36mUser Load (0.2ms)[0m  [1m[34mSELECT  "users".* FROM "users" WHERE "users"."user_name" = $1 AND "users"."password" = $2 LIMIT $3[0m  [["user_name", "wwww"], ["password", ""], ["LIMIT", 1]]
  Rendering login/error.html.haml within layouts/application
  Rendered login/error.html.haml within layouts/application (1.4ms)
Completed 500 Internal Server Error in 8ms (ActiveRecord: 0.2ms)


  
ActionView::Template::Error (Illegal nesting: content can't be both given on the same line as %h1 and nested within it.):
    1: %h1 Show errors
    2:   %p
    3:     =@notice
  
app/views/login/error.html.haml:2
app/controllers/login_controller.rb:12:in `check_login'
Started POST "/login" for 127.0.0.1 at 2018-03-27 14:25:26 +0700
Processing by LoginController#check_login as HTML
  Parameters: {"utf8"=>"✓", "authenticity_token"=>"D0AuRr7vuyyg0lWftaqAsUOOIPKE1yWy/Rqv7Jb+8cB/Pe+3NrO1L0qA5bToalkVk2MkNSxWcdPraM04q67FDA==", "user_name"=>"wwww", "password"=>"[FILTERED]", "commit"=>"Login"}
  [1m[36mUser Load (0.2ms)[0m  [1m[34mSELECT  "users".* FROM "users" WHERE "users"."user_name" = $1 AND "users"."password" = $2 LIMIT $3[0m  [["user_name", "wwww"], ["password", ""], ["LIMIT", 1]]
  Rendering login/error.html.haml within layouts/application
  Rendered login/error.html.haml within layouts/application (1.5ms)
Completed 500 Internal Server Error in 9ms (ActiveRecord: 0.2ms)


  
ActionView::Template::Error (Illegal nesting: content can't be both given on the same line as %h1 and nested within it.):
    1: %h1 Show error
    2:   =@notice
  
app/views/login/error.html.haml:2
app/controllers/login_controller.rb:12:in `check_login'
Started POST "/login" for 127.0.0.1 at 2018-03-27 14:25:50 +0700
Processing by LoginController#check_login as HTML
  Parameters: {"utf8"=>"✓", "authenticity_token"=>"D0AuRr7vuyyg0lWftaqAsUOOIPKE1yWy/Rqv7Jb+8cB/Pe+3NrO1L0qA5bToalkVk2MkNSxWcdPraM04q67FDA==", "user_name"=>"wwww", "password"=>"[FILTERED]", "commit"=>"Login"}
  [1m[36mUser Load (0.2ms)[0m  [1m[34mSELECT  "users".* FROM "users" WHERE "users"."user_name" = $1 AND "users"."password" = $2 LIMIT $3[0m  [["user_name", "wwww"], ["password", ""], ["LIMIT", 1]]
  Rendering login/error.html.haml within layouts/application
  Rendered login/error.html.haml within layouts/application (2.2ms)
Completed 200 OK in 41ms (Views: 38.4ms | ActiveRecord: 0.2ms)


Started GET "/" for 127.0.0.1 at 2018-03-27 14:46:08 +0700
Processing by LoginController#index as HTML
  Rendering login/index.html.haml within layouts/application
  Rendered login/index.html.haml within layouts/application (284.1ms)
Completed 500 Internal Server Error in 299ms (ActiveRecord: 0.0ms)


  
ActionView::Template::Error (undefined local variable or method `user' for #<#<Class:0x007ff96978b490>:0x007ff9697896b8>):
    3: = form_for(:user, url: login_path) do |form|
    4:   #error_explanation
    5:     %ul
    6:       - user.errors.full_messages.each do |message|
    7:         %li= message
    8: 
    9:   .field
  
app/views/login/index.html.haml:6:in `block in _app_views_login_index_html_haml___1654553590031878821_70354596552360'
app/views/login/index.html.haml:3:in `_app_views_login_index_html_haml___1654553590031878821_70354596552360'
Started GET "/" for 127.0.0.1 at 2018-03-27 14:46:41 +0700
Processing by LoginController#index as HTML
  Rendering login/index.html.haml within layouts/application
  Rendered login/index.html.haml within layouts/application (3.6ms)
Completed 200 OK in 39ms (Views: 36.9ms | ActiveRecord: 0.0ms)


Started POST "/login" for 127.0.0.1 at 2018-03-27 14:46:46 +0700
Processing by LoginController#check_login as HTML
  Parameters: {"utf8"=>"✓", "authenticity_token"=>"vR5bdD3POs8WeMXQOtpNVRaOUj9njURauNErLBV96wfNY5qFtZM0zPwqdftnGpTxxmNW+M8MEDuuo0n4KC3fyw==", "user_name"=>"sss", "password"=>"[FILTERED]", "commit"=>"Login"}
  [1m[36mUser Load (0.3ms)[0m  [1m[34mSELECT  "users".* FROM "users" WHERE "users"."user_name" = $1 AND "users"."password" = $2 LIMIT $3[0m  [["user_name", "sss"], ["password", "ss"], ["LIMIT", 1]]
  Rendering login/error.html.haml within layouts/application
  Rendered login/error.html.haml within layouts/application (1.7ms)
Completed 200 OK in 40ms (Views: 30.1ms | ActiveRecord: 3.1ms)


Started POST "/login" for 127.0.0.1 at 2018-03-27 14:48:20 +0700
Processing by LoginController#check_login as HTML
  Parameters: {"utf8"=>"✓", "authenticity_token"=>"vR5bdD3POs8WeMXQOtpNVRaOUj9njURauNErLBV96wfNY5qFtZM0zPwqdftnGpTxxmNW+M8MEDuuo0n4KC3fyw==", "user_name"=>"sss", "password"=>"[FILTERED]", "commit"=>"Login"}
  [1m[36mUser Load (0.2ms)[0m  [1m[34mSELECT  "users".* FROM "users" WHERE "users"."user_name" = $1 AND "users"."password" = $2 LIMIT $3[0m  [["user_name", "sss"], ["password", "ss"], ["LIMIT", 1]]
  Rendering login/index.html.haml within layouts/application
  Rendered login/index.html.haml within layouts/application (4.0ms)
Completed 200 OK in 44ms (Views: 35.5ms | ActiveRecord: 2.0ms)


Started GET "/login" for 127.0.0.1 at 2018-03-27 14:49:00 +0700
  
ActionController::RoutingError (No route matches [GET] "/login"):
  
actionpack (5.1.5) lib/action_dispatch/middleware/debug_exceptions.rb:63:in `call'
web-console (3.5.1) lib/web_console/middleware.rb:135:in `call_app'
web-console (3.5.1) lib/web_console/middleware.rb:28:in `block in call'
web-console (3.5.1) lib/web_console/middleware.rb:18:in `catch'
web-console (3.5.1) lib/web_console/middleware.rb:18:in `call'
actionpack (5.1.5) lib/action_dispatch/middleware/show_exceptions.rb:31:in `call'
railties (5.1.5) lib/rails/rack/logger.rb:36:in `call_app'
railties (5.1.5) lib/rails/rack/logger.rb:24:in `block in call'
activesupport (5.1.5) lib/active_support/tagged_logging.rb:69:in `block in tagged'
activesupport (5.1.5) lib/active_support/tagged_logging.rb:26:in `tagged'
activesupport (5.1.5) lib/active_support/tagged_logging.rb:69:in `tagged'
railties (5.1.5) lib/rails/rack/logger.rb:24:in `call'
sprockets-rails (3.2.1) lib/sprockets/rails/quiet_assets.rb:13:in `call'
actionpack (5.1.5) lib/action_dispatch/middleware/remote_ip.rb:79:in `call'
actionpack (5.1.5) lib/action_dispatch/middleware/request_id.rb:25:in `call'
rack (2.0.4) lib/rack/method_override.rb:22:in `call'
rack (2.0.4) lib/rack/runtime.rb:22:in `call'
activesupport (5.1.5) lib/active_support/cache/strategy/local_cache_middleware.rb:27:in `call'
actionpack (5.1.5) lib/action_dispatch/middleware/executor.rb:12:in `call'
actionpack (5.1.5) lib/action_dispatch/middleware/static.rb:125:in `call'
rack (2.0.4) lib/rack/sendfile.rb:111:in `call'
railties (5.1.5) lib/rails/engine.rb:522:in `call'
puma (3.11.3) lib/puma/configuration.rb:225:in `call'
puma (3.11.3) lib/puma/server.rb:624:in `handle_request'
puma (3.11.3) lib/puma/server.rb:438:in `process_client'
puma (3.11.3) lib/puma/server.rb:302:in `block in run'
puma (3.11.3) lib/puma/thread_pool.rb:120:in `block in spawn_thread'
Started GET "/" for 127.0.0.1 at 2018-03-27 14:51:07 +0700
Processing by LoginController#index as HTML
  Rendering login/index.html.haml within layouts/application
  Rendered login/index.html.haml within layouts/application (3.4ms)
Completed 200 OK in 32ms (Views: 29.4ms | ActiveRecord: 0.0ms)


Started GET "/" for 127.0.0.1 at 2018-03-27 14:52:25 +0700
Processing by LoginController#index as HTML
  Rendering login/index.html.haml within layouts/application
  Rendered login/index.html.haml within layouts/application (7.2ms)
Completed 500 Internal Server Error in 16ms (ActiveRecord: 0.0ms)


  
ActionView::Template::Error (undefined method `any?' for nil:NilClass):
    1: 
    2: %h1 Login Rails
    3: = form_for(:user, url: login_path) do |form|
    4:   - if @notice.any?
    5:     #error_explanation
    6:       %p
    7:         = @notice
  
app/views/login/index.html.haml:4:in `block in _app_views_login_index_html_haml___1654553590031878821_70354664500700'
app/views/login/index.html.haml:3:in `_app_views_login_index_html_haml___1654553590031878821_70354664500700'
Started GET "/" for 127.0.0.1 at 2018-03-27 14:53:25 +0700
Processing by LoginController#index as HTML
  Rendering login/index.html.haml within layouts/application
  Rendered login/index.html.haml within layouts/application (3.6ms)
Completed 200 OK in 37ms (Views: 34.0ms | ActiveRecord: 0.0ms)


Started POST "/login" for 127.0.0.1 at 2018-03-27 14:56:03 +0700
Processing by LoginController#check_login as HTML
  Parameters: {"utf8"=>"✓", "authenticity_token"=>"vnU4XE76Osq+qLcWOjiVOBUUIHQpabLjgV0EiP7jWojOCPmtxqY0yVT6Bz1n+Eycxfkks4Ho5oKXL2Zcw7NuRA==", "user_name"=>"rr", "password"=>"[FILTERED]", "commit"=>"Login"}
  [1m[36mUser Load (0.2ms)[0m  [1m[34mSELECT  "users".* FROM "users" WHERE "users"."user_name" = $1 AND "users"."password" = $2 LIMIT $3[0m  [["user_name", "rr"], ["password", "rr"], ["LIMIT", 1]]
  Rendering login/index.html.haml within layouts/application
  Rendered login/index.html.haml within layouts/application (3.9ms)
Completed 200 OK in 38ms (Views: 30.9ms | ActiveRecord: 1.7ms)


Started GET "/" for 127.0.0.1 at 2018-03-27 14:56:26 +0700
Processing by LoginController#index as HTML
  Rendering login/index.html.haml within layouts/application
  Rendered login/index.html.haml within layouts/application (3.4ms)
Completed 200 OK in 22ms (Views: 19.6ms | ActiveRecord: 0.0ms)


Started POST "/login" for 127.0.0.1 at 2018-03-27 14:56:31 +0700
Processing by LoginController#check_login as HTML
  Parameters: {"utf8"=>"✓", "authenticity_token"=>"sCerlxx/cHjAsH+yDPmBJFXSCYwyDRtINtCTNcfTKZnAWmpmlCN+eyriz5lROViAhT8NS5qMTykgovHh+oMdVQ==", "user_name"=>"ss", "password"=>"[FILTERED]", "commit"=>"Login"}
  [1m[36mUser Load (0.2ms)[0m  [1m[34mSELECT  "users".* FROM "users" WHERE "users"."user_name" = $1 AND "users"."password" = $2 LIMIT $3[0m  [["user_name", "ss"], ["password", ""], ["LIMIT", 1]]
  Rendering login/index.html.haml within layouts/application
  Rendered login/index.html.haml within layouts/application (4.4ms)
Completed 200 OK in 23ms (Views: 21.4ms | ActiveRecord: 0.2ms)


Started POST "/login" for 127.0.0.1 at 2018-03-27 14:57:47 +0700
Processing by LoginController#check_login as HTML
  Parameters: {"utf8"=>"✓", "authenticity_token"=>"ENLbGdOeC/n+LbUFBrNjTkjBpcANK3A6CGthS9IsHH1grxroW8IF+hR/BS5bc7rqmCyhB6WqJFseGQOf73wosQ==", "user_name"=>"111", "password"=>"[FILTERED]", "commit"=>"Login"}
  [1m[36mUser Load (0.2ms)[0m  [1m[34mSELECT  "users".* FROM "users" WHERE "users"."user_name" = $1 AND "users"."password" = $2 LIMIT $3[0m  [["user_name", "111"], ["password", ""], ["LIMIT", 1]]
  Rendering login/index.html.haml within layouts/application
  Rendered login/index.html.haml within layouts/application (3.7ms)
Completed 200 OK in 23ms (Views: 21.6ms | ActiveRecord: 0.2ms)


Started GET "/login" for 127.0.0.1 at 2018-03-27 14:59:01 +0700
  
ActionController::RoutingError (No route matches [GET] "/login"):
  
actionpack (5.1.5) lib/action_dispatch/middleware/debug_exceptions.rb:63:in `call'
web-console (3.5.1) lib/web_console/middleware.rb:135:in `call_app'
web-console (3.5.1) lib/web_console/middleware.rb:28:in `block in call'
web-console (3.5.1) lib/web_console/middleware.rb:18:in `catch'
web-console (3.5.1) lib/web_console/middleware.rb:18:in `call'
actionpack (5.1.5) lib/action_dispatch/middleware/show_exceptions.rb:31:in `call'
railties (5.1.5) lib/rails/rack/logger.rb:36:in `call_app'
railties (5.1.5) lib/rails/rack/logger.rb:24:in `block in call'
activesupport (5.1.5) lib/active_support/tagged_logging.rb:69:in `block in tagged'
activesupport (5.1.5) lib/active_support/tagged_logging.rb:26:in `tagged'
activesupport (5.1.5) lib/active_support/tagged_logging.rb:69:in `tagged'
railties (5.1.5) lib/rails/rack/logger.rb:24:in `call'
sprockets-rails (3.2.1) lib/sprockets/rails/quiet_assets.rb:13:in `call'
actionpack (5.1.5) lib/action_dispatch/middleware/remote_ip.rb:79:in `call'
actionpack (5.1.5) lib/action_dispatch/middleware/request_id.rb:25:in `call'
rack (2.0.4) lib/rack/method_override.rb:22:in `call'
rack (2.0.4) lib/rack/runtime.rb:22:in `call'
activesupport (5.1.5) lib/active_support/cache/strategy/local_cache_middleware.rb:27:in `call'
actionpack (5.1.5) lib/action_dispatch/middleware/executor.rb:12:in `call'
actionpack (5.1.5) lib/action_dispatch/middleware/static.rb:125:in `call'
rack (2.0.4) lib/rack/sendfile.rb:111:in `call'
railties (5.1.5) lib/rails/engine.rb:522:in `call'
puma (3.11.3) lib/puma/configuration.rb:225:in `call'
puma (3.11.3) lib/puma/server.rb:624:in `handle_request'
puma (3.11.3) lib/puma/server.rb:438:in `process_client'
puma (3.11.3) lib/puma/server.rb:302:in `block in run'
puma (3.11.3) lib/puma/thread_pool.rb:120:in `block in spawn_thread'
Started GET "/login" for 127.0.0.1 at 2018-03-27 15:10:40 +0700
  
ActionController::RoutingError (No route matches [GET] "/login"):
  
actionpack (5.1.5) lib/action_dispatch/middleware/debug_exceptions.rb:63:in `call'
web-console (3.5.1) lib/web_console/middleware.rb:135:in `call_app'
web-console (3.5.1) lib/web_console/middleware.rb:28:in `block in call'
web-console (3.5.1) lib/web_console/middleware.rb:18:in `catch'
web-console (3.5.1) lib/web_console/middleware.rb:18:in `call'
actionpack (5.1.5) lib/action_dispatch/middleware/show_exceptions.rb:31:in `call'
railties (5.1.5) lib/rails/rack/logger.rb:36:in `call_app'
railties (5.1.5) lib/rails/rack/logger.rb:24:in `block in call'
activesupport (5.1.5) lib/active_support/tagged_logging.rb:69:in `block in tagged'
activesupport (5.1.5) lib/active_support/tagged_logging.rb:26:in `tagged'
activesupport (5.1.5) lib/active_support/tagged_logging.rb:69:in `tagged'
railties (5.1.5) lib/rails/rack/logger.rb:24:in `call'
sprockets-rails (3.2.1) lib/sprockets/rails/quiet_assets.rb:13:in `call'
actionpack (5.1.5) lib/action_dispatch/middleware/remote_ip.rb:79:in `call'
actionpack (5.1.5) lib/action_dispatch/middleware/request_id.rb:25:in `call'
rack (2.0.4) lib/rack/method_override.rb:22:in `call'
rack (2.0.4) lib/rack/runtime.rb:22:in `call'
activesupport (5.1.5) lib/active_support/cache/strategy/local_cache_middleware.rb:27:in `call'
actionpack (5.1.5) lib/action_dispatch/middleware/executor.rb:12:in `call'
actionpack (5.1.5) lib/action_dispatch/middleware/static.rb:125:in `call'
rack (2.0.4) lib/rack/sendfile.rb:111:in `call'
railties (5.1.5) lib/rails/engine.rb:522:in `call'
puma (3.11.3) lib/puma/configuration.rb:225:in `call'
puma (3.11.3) lib/puma/server.rb:624:in `handle_request'
puma (3.11.3) lib/puma/server.rb:438:in `process_client'
puma (3.11.3) lib/puma/server.rb:302:in `block in run'
puma (3.11.3) lib/puma/thread_pool.rb:120:in `block in spawn_thread'
Started GET "/" for 127.0.0.1 at 2018-03-27 15:10:48 +0700
Processing by LoginController#index as HTML
  Rendering login/index.html.haml within layouts/application
  Rendered login/index.html.haml within layouts/application (13.1ms)
Completed 200 OK in 61ms (Views: 58.1ms | ActiveRecord: 0.0ms)


Started POST "/login" for 127.0.0.1 at 2018-03-27 15:11:26 +0700
Processing by LoginController#check_login as HTML
  Parameters: {"utf8"=>"✓", "authenticity_token"=>"pZarARUypgkydq4GslxsI3JupCYa5Rltk9jMyMtHwPjV62rwnW6oCtgkHi3vnLWHooOg4bJkTQyFqq4c9hf0NA==", "user_name"=>"qq", "password"=>"[FILTERED]", "commit"=>"Login"}
  [1m[36mUser Load (0.6ms)[0m  [1m[34mSELECT  "users".* FROM "users" WHERE "users"."user_name" = $1 AND "users"."password" = $2 LIMIT $3[0m  [["user_name", "qq"], ["password", "qq"], ["LIMIT", 1]]
  Rendering login/index.html.haml within layouts/application
  Rendered login/index.html.haml within layouts/application (7.7ms)
Completed 200 OK in 57ms (Views: 43.4ms | ActiveRecord: 3.3ms)


Started GET "/" for 127.0.0.1 at 2018-03-27 15:12:20 +0700
Processing by LoginController#index as HTML
  Rendering login/index.html.haml within layouts/application
  Rendered login/index.html.haml within layouts/application (5.8ms)
Completed 200 OK in 50ms (Views: 47.4ms | ActiveRecord: 0.0ms)


Started GET "/" for 127.0.0.1 at 2018-03-27 15:12:46 +0700
Processing by LoginController#index as HTML
  Rendering login/index.html.haml within layouts/application
  Rendered login/index.html.haml within layouts/application (4.1ms)
Completed 200 OK in 40ms (Views: 38.0ms | ActiveRecord: 0.0ms)


Started POST "/login" for 127.0.0.1 at 2018-03-27 15:12:51 +0700
Processing by LoginController#check_login as HTML
  Parameters: {"utf8"=>"✓", "authenticity_token"=>"jTdMihNsmE51hCJaE86apnS64iskiOQIFwnNH9DVTbn9So17mzCWTZ/WknFODkMCpFfm7IwJsGkBe6/L7YV5dQ==", "user_name"=>"s", "password"=>"[FILTERED]", "commit"=>"Login"}
  [1m[36mUser Load (0.3ms)[0m  [1m[34mSELECT  "users".* FROM "users" WHERE "users"."user_name" = $1 AND "users"."password" = $2 LIMIT $3[0m  [["user_name", "s"], ["password", ""], ["LIMIT", 1]]
  Rendering login/index.html.haml within layouts/application
  Rendered login/index.html.haml within layouts/application (3.7ms)
Completed 200 OK in 34ms (Views: 24.0ms | ActiveRecord: 2.7ms)


Started POST "/login" for 127.0.0.1 at 2018-03-27 15:12:59 +0700
Processing by LoginController#check_login as HTML
  Parameters: {"utf8"=>"✓", "authenticity_token"=>"ivcwl9ITZgZfrhfV+3Ha51xSzCG3uJonW6z4wc0Gh5z6ivFmWk9oBbX8p/6msQNDjL/I5h85zkZN3poV8FazUA==", "user_name"=>"tuyet", "password"=>"[FILTERED]", "commit"=>"Login"}
  [1m[36mUser Load (0.2ms)[0m  [1m[34mSELECT  "users".* FROM "users" WHERE "users"."user_name" = $1 AND "users"."password" = $2 LIMIT $3[0m  [["user_name", "tuyet"], ["password", "1234"], ["LIMIT", 1]]
Redirected to http://localhost:3000/users
Completed 302 Found in 13ms (ActiveRecord: 4.1ms)


Started GET "/users" for 127.0.0.1 at 2018-03-27 15:12:59 +0700
Processing by UsersController#index as HTML
  Rendering users/index.html.haml within layouts/application
  [1m[36mUser Load (0.2ms)[0m  [1m[34mSELECT "users".* FROM "users"[0m
  Rendered users/index.html.haml within layouts/application (6.1ms)
Completed 200 OK in 33ms (Views: 30.2ms | ActiveRecord: 0.2ms)


Started GET "/login" for 127.0.0.1 at 2018-03-27 15:14:17 +0700
  
ActionController::RoutingError (No route matches [GET] "/login"):
  
actionpack (5.1.5) lib/action_dispatch/middleware/debug_exceptions.rb:63:in `call'
web-console (3.5.1) lib/web_console/middleware.rb:135:in `call_app'
web-console (3.5.1) lib/web_console/middleware.rb:28:in `block in call'
web-console (3.5.1) lib/web_console/middleware.rb:18:in `catch'
web-console (3.5.1) lib/web_console/middleware.rb:18:in `call'
actionpack (5.1.5) lib/action_dispatch/middleware/show_exceptions.rb:31:in `call'
railties (5.1.5) lib/rails/rack/logger.rb:36:in `call_app'
railties (5.1.5) lib/rails/rack/logger.rb:24:in `block in call'
activesupport (5.1.5) lib/active_support/tagged_logging.rb:69:in `block in tagged'
activesupport (5.1.5) lib/active_support/tagged_logging.rb:26:in `tagged'
activesupport (5.1.5) lib/active_support/tagged_logging.rb:69:in `tagged'
railties (5.1.5) lib/rails/rack/logger.rb:24:in `call'
sprockets-rails (3.2.1) lib/sprockets/rails/quiet_assets.rb:13:in `call'
actionpack (5.1.5) lib/action_dispatch/middleware/remote_ip.rb:79:in `call'
actionpack (5.1.5) lib/action_dispatch/middleware/request_id.rb:25:in `call'
rack (2.0.4) lib/rack/method_override.rb:22:in `call'
rack (2.0.4) lib/rack/runtime.rb:22:in `call'
activesupport (5.1.5) lib/active_support/cache/strategy/local_cache_middleware.rb:27:in `call'
actionpack (5.1.5) lib/action_dispatch/middleware/executor.rb:12:in `call'
actionpack (5.1.5) lib/action_dispatch/middleware/static.rb:125:in `call'
rack (2.0.4) lib/rack/sendfile.rb:111:in `call'
railties (5.1.5) lib/rails/engine.rb:522:in `call'
puma (3.11.3) lib/puma/configuration.rb:225:in `call'
puma (3.11.3) lib/puma/server.rb:624:in `handle_request'
puma (3.11.3) lib/puma/server.rb:438:in `process_client'
puma (3.11.3) lib/puma/server.rb:302:in `block in run'
puma (3.11.3) lib/puma/thread_pool.rb:120:in `block in spawn_thread'
Started GET "/" for 127.0.0.1 at 2018-03-27 15:14:20 +0700
Processing by LoginController#index as HTML
  Rendering login/index.html.haml within layouts/application
  Rendered login/index.html.haml within layouts/application (6.3ms)
Completed 200 OK in 42ms (Views: 39.8ms | ActiveRecord: 0.0ms)


Started POST "/login" for 127.0.0.1 at 2018-03-27 15:14:24 +0700
Processing by LoginController#check_login as HTML
  Parameters: {"utf8"=>"✓", "authenticity_token"=>"Bqvtau9eR5yGqpnvK0qjkKZr/+LLi+j+wOkqfyA259Z21iybZwJJn2z4KcR2ino0dob7JWMKvJ/Wm0irHWbTGg==", "user_name"=>"aa", "password"=>"[FILTERED]", "commit"=>"Login"}
  [1m[36mUser Load (0.2ms)[0m  [1m[34mSELECT  "users".* FROM "users" WHERE "users"."user_name" = $1 AND "users"."password" = $2 LIMIT $3[0m  [["user_name", "aa"], ["password", ""], ["LIMIT", 1]]
  Rendering login/index.html.haml within layouts/application
  Rendered login/index.html.haml within layouts/application (7.1ms)
Completed 200 OK in 34ms (Views: 32.0ms | ActiveRecord: 0.2ms)


Started POST "/login" for 127.0.0.1 at 2018-03-27 15:14:30 +0700
Processing by LoginController#check_login as HTML
  Parameters: {"utf8"=>"✓", "authenticity_token"=>"MRJjVnWELNoLlLHGSJzEDYYHHnVJrUjhxBuRb9ri59JBb6Kn/dgi2eHGAe0VXB2pVuoasuEsHIDSafO757LTHg==", "user_name"=>"tuyet", "password"=>"[FILTERED]", "commit"=>"Login"}
  [1m[36mUser Load (0.2ms)[0m  [1m[34mSELECT  "users".* FROM "users" WHERE "users"."user_name" = $1 AND "users"."password" = $2 LIMIT $3[0m  [["user_name", "tuyet"], ["password", "1234"], ["LIMIT", 1]]
Redirected to http://localhost:3000/users
Completed 302 Found in 2ms (ActiveRecord: 0.2ms)


Started GET "/users" for 127.0.0.1 at 2018-03-27 15:14:30 +0700
Processing by UsersController#index as HTML
  Rendering users/index.html.haml within layouts/application
  [1m[36mUser Load (0.2ms)[0m  [1m[34mSELECT "users".* FROM "users"[0m
  Rendered users/index.html.haml within layouts/application (4.3ms)
Completed 200 OK in 41ms (Views: 38.5ms | ActiveRecord: 0.2ms)


Started GET "/login" for 127.0.0.1 at 2018-03-27 15:16:02 +0700
  
ActionController::RoutingError (No route matches [GET] "/login"):
  
actionpack (5.1.5) lib/action_dispatch/middleware/debug_exceptions.rb:63:in `call'
web-console (3.5.1) lib/web_console/middleware.rb:135:in `call_app'
web-console (3.5.1) lib/web_console/middleware.rb:28:in `block in call'
web-console (3.5.1) lib/web_console/middleware.rb:18:in `catch'
web-console (3.5.1) lib/web_console/middleware.rb:18:in `call'
actionpack (5.1.5) lib/action_dispatch/middleware/show_exceptions.rb:31:in `call'
railties (5.1.5) lib/rails/rack/logger.rb:36:in `call_app'
railties (5.1.5) lib/rails/rack/logger.rb:24:in `block in call'
activesupport (5.1.5) lib/active_support/tagged_logging.rb:69:in `block in tagged'
activesupport (5.1.5) lib/active_support/tagged_logging.rb:26:in `tagged'
activesupport (5.1.5) lib/active_support/tagged_logging.rb:69:in `tagged'
railties (5.1.5) lib/rails/rack/logger.rb:24:in `call'
sprockets-rails (3.2.1) lib/sprockets/rails/quiet_assets.rb:13:in `call'
actionpack (5.1.5) lib/action_dispatch/middleware/remote_ip.rb:79:in `call'
actionpack (5.1.5) lib/action_dispatch/middleware/request_id.rb:25:in `call'
rack (2.0.4) lib/rack/method_override.rb:22:in `call'
rack (2.0.4) lib/rack/runtime.rb:22:in `call'
activesupport (5.1.5) lib/active_support/cache/strategy/local_cache_middleware.rb:27:in `call'
actionpack (5.1.5) lib/action_dispatch/middleware/executor.rb:12:in `call'
actionpack (5.1.5) lib/action_dispatch/middleware/static.rb:125:in `call'
rack (2.0.4) lib/rack/sendfile.rb:111:in `call'
railties (5.1.5) lib/rails/engine.rb:522:in `call'
puma (3.11.3) lib/puma/configuration.rb:225:in `call'
puma (3.11.3) lib/puma/server.rb:624:in `handle_request'
puma (3.11.3) lib/puma/server.rb:438:in `process_client'
puma (3.11.3) lib/puma/server.rb:302:in `block in run'
puma (3.11.3) lib/puma/thread_pool.rb:120:in `block in spawn_thread'
Started GET "/" for 127.0.0.1 at 2018-03-27 15:16:05 +0700
Processing by LoginController#index as HTML
  Rendering login/index.html.haml within layouts/application
  Rendered login/index.html.haml within layouts/application (5.0ms)
Completed 200 OK in 36ms (Views: 33.4ms | ActiveRecord: 0.0ms)


Started POST "/login" for 127.0.0.1 at 2018-03-27 15:16:11 +0700
Processing by LoginController#check_login as HTML
  Parameters: {"utf8"=>"✓", "authenticity_token"=>"iaWe4efCABPf/bSeIG7OsiYZBhkywprYceo22g2MxOz52F8Qb54OEDWvBLV9rhcW9vQC3ppDzrlnmFQOMNzwIA==", "user_name"=>"yuki", "password"=>"[FILTERED]", "commit"=>"Login"}
  [1m[36mUser Load (0.2ms)[0m  [1m[34mSELECT  "users".* FROM "users" WHERE "users"."user_name" = $1 AND "users"."password" = $2 LIMIT $3[0m  [["user_name", "yuki"], ["password", "1234"], ["LIMIT", 1]]
Redirected to http://localhost:3000/users
Completed 302 Found in 15ms (ActiveRecord: 4.1ms)


Started GET "/users" for 127.0.0.1 at 2018-03-27 15:16:11 +0700
Processing by UsersController#index as HTML
  Rendering users/index.html.haml within layouts/application
  [1m[36mUser Load (0.2ms)[0m  [1m[34mSELECT "users".* FROM "users"[0m
  Rendered users/index.html.haml within layouts/application (5.9ms)
Completed 200 OK in 25ms (Views: 22.8ms | ActiveRecord: 0.2ms)


Started GET "/users/2/edit" for 127.0.0.1 at 2018-03-27 15:18:09 +0700
Processing by UsersController#edit as HTML
  Parameters: {"id"=>"2"}
  [1m[36mUser Load (0.3ms)[0m  [1m[34mSELECT  "users".* FROM "users" WHERE "users"."id" = $1 LIMIT $2[0m  [["id", 2], ["LIMIT", 1]]
  Rendering users/edit.html.haml within layouts/application
  Rendered users/_form.html.haml (5.2ms)
  Rendered users/edit.html.haml within layouts/application (10.7ms)
Completed 200 OK in 41ms (Views: 31.5ms | ActiveRecord: 0.3ms)


Started GET "/users/2" for 127.0.0.1 at 2018-03-27 15:18:13 +0700
Processing by UsersController#show as HTML
  Parameters: {"id"=>"2"}
  [1m[36mUser Load (0.2ms)[0m  [1m[34mSELECT  "users".* FROM "users" WHERE "users"."id" = $1 LIMIT $2[0m  [["id", 2], ["LIMIT", 1]]
  Rendering users/show.html.haml within layouts/application
  Rendered users/show.html.haml within layouts/application (3.8ms)
Completed 200 OK in 39ms (Views: 30.2ms | ActiveRecord: 0.2ms)


Started GET "/users" for 127.0.0.1 at 2018-03-27 15:18:15 +0700
Processing by UsersController#index as HTML
  Rendering users/index.html.haml within layouts/application
  [1m[36mUser Load (0.5ms)[0m  [1m[34mSELECT "users".* FROM "users"[0m
  Rendered users/index.html.haml within layouts/application (8.4ms)
Completed 200 OK in 43ms (Views: 39.3ms | ActiveRecord: 0.5ms)


Started GET "/users/1" for 127.0.0.1 at 2018-03-27 15:18:18 +0700
Processing by UsersController#show as HTML
  Parameters: {"id"=>"1"}
  [1m[36mUser Load (2.4ms)[0m  [1m[34mSELECT  "users".* FROM "users" WHERE "users"."id" = $1 LIMIT $2[0m  [["id", 1], ["LIMIT", 1]]
  Rendering users/show.html.haml within layouts/application
  Rendered users/show.html.haml within layouts/application (4.0ms)
Completed 200 OK in 28ms (Views: 21.3ms | ActiveRecord: 2.4ms)


Started GET "/users" for 127.0.0.1 at 2018-03-27 15:18:31 +0700
Processing by UsersController#index as HTML
  Rendering users/index.html.haml within layouts/application
  [1m[36mUser Load (0.4ms)[0m  [1m[34mSELECT "users".* FROM "users"[0m
  Rendered users/index.html.haml within layouts/application (19.0ms)
Completed 200 OK in 47ms (Views: 43.6ms | ActiveRecord: 0.4ms)


Started GET "/create_json/1" for 127.0.0.1 at 2018-03-27 15:37:35 +0700
Processing by UsersController#create_json as HTML
  Parameters: {"id"=>"1"}
  [1m[36mUser Load (0.4ms)[0m  [1m[34mSELECT  "users".* FROM "users" WHERE "users"."id" = $1 LIMIT $2[0m  [["id", 1], ["LIMIT", 1]]
Completed 200 OK in 25ms (Views: 1.3ms | ActiveRecord: 4.2ms)


Started GET "/create_json/2" for 127.0.0.1 at 2018-03-27 15:37:44 +0700
Processing by UsersController#create_json as HTML
  Parameters: {"id"=>"2"}
  [1m[36mUser Load (0.1ms)[0m  [1m[34mSELECT  "users".* FROM "users" WHERE "users"."id" = $1 LIMIT $2[0m  [["id", 2], ["LIMIT", 1]]
Completed 200 OK in 2ms (Views: 0.3ms | ActiveRecord: 0.1ms)


Started GET "/users" for 127.0.0.1 at 2018-03-27 15:38:07 +0700
Processing by UsersController#index as HTML
  Rendering users/index.html.haml within layouts/application
  [1m[36mUser Load (0.8ms)[0m  [1m[34mSELECT "users".* FROM "users"[0m
  Rendered users/index.html.haml within layouts/application (13.5ms)
Completed 200 OK in 67ms (Views: 61.4ms | ActiveRecord: 0.8ms)


Started GET "/create_json/2" for 127.0.0.1 at 2018-03-27 15:38:15 +0700
Processing by UsersController#create_json as HTML
  Parameters: {"id"=>"2"}
  [1m[36mUser Load (0.3ms)[0m  [1m[34mSELECT  "users".* FROM "users" WHERE "users"."id" = $1 LIMIT $2[0m  [["id", 2], ["LIMIT", 1]]
Completed 200 OK in 3ms (Views: 0.7ms | ActiveRecord: 0.3ms)


Started GET "/create_json/3" for 127.0.0.1 at 2018-03-27 15:38:19 +0700
Processing by UsersController#create_json as HTML
  Parameters: {"id"=>"3"}
  [1m[36mUser Load (0.1ms)[0m  [1m[34mSELECT  "users".* FROM "users" WHERE "users"."id" = $1 LIMIT $2[0m  [["id", 3], ["LIMIT", 1]]
Completed 404 Not Found in 2ms (ActiveRecord: 0.1ms)


  
ActiveRecord::RecordNotFound (Couldn't find User with 'id'=3):
  
app/controllers/users_controller.rb:41:in `create_json'
Started GET "/create_json/4" for 127.0.0.1 at 2018-03-27 15:38:26 +0700
Processing by UsersController#create_json as HTML
  Parameters: {"id"=>"4"}
  [1m[36mUser Load (0.3ms)[0m  [1m[34mSELECT  "users".* FROM "users" WHERE "users"."id" = $1 LIMIT $2[0m  [["id", 4], ["LIMIT", 1]]
Completed 404 Not Found in 2ms (ActiveRecord: 0.3ms)


  
ActiveRecord::RecordNotFound (Couldn't find User with 'id'=4):
  
app/controllers/users_controller.rb:41:in `create_json'
Started GET "/users/new" for 127.0.0.1 at 2018-03-27 15:38:35 +0700
Processing by UsersController#new as HTML
  Rendering users/new.html.haml within layouts/application
  Rendered users/_form.html.haml (7.0ms)
  Rendered users/new.html.haml within layouts/application (12.8ms)
Completed 200 OK in 36ms (Views: 28.3ms | ActiveRecord: 0.0ms)


Started POST "/users" for 127.0.0.1 at 2018-03-27 15:38:42 +0700
Processing by UsersController#create as HTML
  Parameters: {"utf8"=>"✓", "authenticity_token"=>"5i+RzLr5KIdUo4cDdBptLwYZlzRjCbsD37FkwgxkzjxS0QHD3+k60zV7bsTQtGs6m/ZGMvnrTonxnRL1h7lnDA==", "user"=>{"user_name"=>"tony", "password"=>"[FILTERED]"}, "commit"=>"Create User"}
  [1m[35m (0.1ms)[0m  [1m[35mBEGIN[0m
  [1m[35mSQL (0.6ms)[0m  [1m[32mINSERT INTO "users" ("user_name", "password", "created_at", "updated_at") VALUES ($1, $2, $3, $4) RETURNING "id"[0m  [["user_name", "tony"], ["password", "tony"], ["created_at", "2018-03-27 08:38:42.858691"], ["updated_at", "2018-03-27 08:38:42.858691"]]
  [1m[35m (6.9ms)[0m  [1m[35mCOMMIT[0m
Redirected to http://localhost:3000/users/3
Completed 302 Found in 12ms (ActiveRecord: 7.7ms)


Started GET "/users/3" for 127.0.0.1 at 2018-03-27 15:38:42 +0700
Processing by UsersController#show as HTML
  Parameters: {"id"=>"3"}
  [1m[36mUser Load (0.1ms)[0m  [1m[34mSELECT  "users".* FROM "users" WHERE "users"."id" = $1 LIMIT $2[0m  [["id", 3], ["LIMIT", 1]]
  Rendering users/show.html.haml within layouts/application
  Rendered users/show.html.haml within layouts/application (2.7ms)
Completed 200 OK in 21ms (Views: 18.3ms | ActiveRecord: 0.1ms)


Started GET "/users" for 127.0.0.1 at 2018-03-27 15:38:44 +0700
Processing by UsersController#index as HTML
  Rendering users/index.html.haml within layouts/application
  [1m[36mUser Load (0.9ms)[0m  [1m[34mSELECT "users".* FROM "users"[0m
  Rendered users/index.html.haml within layouts/application (10.1ms)
Completed 200 OK in 50ms (Views: 47.4ms | ActiveRecord: 0.9ms)


Started GET "/create_json/3" for 127.0.0.1 at 2018-03-27 15:38:51 +0700
Processing by UsersController#create_json as HTML
  Parameters: {"id"=>"3"}
  [1m[36mUser Load (0.2ms)[0m  [1m[34mSELECT  "users".* FROM "users" WHERE "users"."id" = $1 LIMIT $2[0m  [["id", 3], ["LIMIT", 1]]
Completed 200 OK in 2ms (Views: 0.4ms | ActiveRecord: 0.2ms)


Started GET "/create_json/3" for 127.0.0.1 at 2018-03-27 15:40:36 +0700
  
ActionController::RoutingError (No route matches [GET] "/create_json/3"):
  
actionpack (5.1.5) lib/action_dispatch/middleware/debug_exceptions.rb:63:in `call'
web-console (3.5.1) lib/web_console/middleware.rb:135:in `call_app'
web-console (3.5.1) lib/web_console/middleware.rb:28:in `block in call'
web-console (3.5.1) lib/web_console/middleware.rb:18:in `catch'
web-console (3.5.1) lib/web_console/middleware.rb:18:in `call'
actionpack (5.1.5) lib/action_dispatch/middleware/show_exceptions.rb:31:in `call'
railties (5.1.5) lib/rails/rack/logger.rb:36:in `call_app'
railties (5.1.5) lib/rails/rack/logger.rb:24:in `block in call'
activesupport (5.1.5) lib/active_support/tagged_logging.rb:69:in `block in tagged'
activesupport (5.1.5) lib/active_support/tagged_logging.rb:26:in `tagged'
activesupport (5.1.5) lib/active_support/tagged_logging.rb:69:in `tagged'
railties (5.1.5) lib/rails/rack/logger.rb:24:in `call'
sprockets-rails (3.2.1) lib/sprockets/rails/quiet_assets.rb:13:in `call'
actionpack (5.1.5) lib/action_dispatch/middleware/remote_ip.rb:79:in `call'
actionpack (5.1.5) lib/action_dispatch/middleware/request_id.rb:25:in `call'
rack (2.0.4) lib/rack/method_override.rb:22:in `call'
rack (2.0.4) lib/rack/runtime.rb:22:in `call'
activesupport (5.1.5) lib/active_support/cache/strategy/local_cache_middleware.rb:27:in `call'
actionpack (5.1.5) lib/action_dispatch/middleware/executor.rb:12:in `call'
actionpack (5.1.5) lib/action_dispatch/middleware/static.rb:125:in `call'
rack (2.0.4) lib/rack/sendfile.rb:111:in `call'
railties (5.1.5) lib/rails/engine.rb:522:in `call'
puma (3.11.3) lib/puma/configuration.rb:225:in `call'
puma (3.11.3) lib/puma/server.rb:624:in `handle_request'
puma (3.11.3) lib/puma/server.rb:438:in `process_client'
puma (3.11.3) lib/puma/server.rb:302:in `block in run'
puma (3.11.3) lib/puma/thread_pool.rb:120:in `block in spawn_thread'
Started GET "/users/create_json/3" for 127.0.0.1 at 2018-03-27 15:40:49 +0700
Processing by UsersController#create_json as HTML
  Parameters: {"id"=>"3"}
  [1m[36mUser Load (0.2ms)[0m  [1m[34mSELECT  "users".* FROM "users" WHERE "users"."id" = $1 LIMIT $2[0m  [["id", 3], ["LIMIT", 1]]
Completed 200 OK in 14ms (Views: 0.4ms | ActiveRecord: 3.6ms)


Started GET "/create_json/3" for 127.0.0.1 at 2018-03-27 15:41:03 +0700
Processing by UsersController#create_json as HTML
  Parameters: {"id"=>"3"}
  [1m[36mUser Load (0.2ms)[0m  [1m[34mSELECT  "users".* FROM "users" WHERE "users"."id" = $1 LIMIT $2[0m  [["id", 3], ["LIMIT", 1]]
Completed 200 OK in 11ms (Views: 0.4ms | ActiveRecord: 2.7ms)


Started GET "/create_json/1" for 127.0.0.1 at 2018-03-27 15:41:08 +0700
Processing by UsersController#create_json as HTML
  Parameters: {"id"=>"1"}
  [1m[36mUser Load (0.2ms)[0m  [1m[34mSELECT  "users".* FROM "users" WHERE "users"."id" = $1 LIMIT $2[0m  [["id", 1], ["LIMIT", 1]]
Completed 200 OK in 2ms (Views: 0.5ms | ActiveRecord: 0.2ms)


Started GET "/users" for 127.0.0.1 at 2018-03-27 15:41:15 +0700
Processing by UsersController#index as HTML
  Rendering users/index.html.haml within layouts/application
  [1m[36mUser Load (0.4ms)[0m  [1m[34mSELECT "users".* FROM "users"[0m
  Rendered users/index.html.haml within layouts/application (7.4ms)
Completed 200 OK in 35ms (Views: 32.3ms | ActiveRecord: 0.4ms)


Started GET "/" for 127.0.0.1 at 2018-03-27 15:43:31 +0700
Processing by LoginController#index as HTML
  Rendering login/index.html.haml within layouts/application
  Rendered login/index.html.haml within layouts/application (4.0ms)
Completed 200 OK in 34ms (Views: 31.9ms | ActiveRecord: 0.0ms)


Started GET "/" for 127.0.0.1 at 2018-03-27 15:48:36 +0700
Processing by LoginController#index as HTML
  Rendering login/index.html.haml within layouts/application
  Rendered login/index.html.haml within layouts/application (27.1ms)
Completed 200 OK in 97ms (Views: 89.3ms | ActiveRecord: 0.0ms)


Started GET "/" for 127.0.0.1 at 2018-03-27 16:42:57 +0700
Processing by LoginController#index as HTML
  Rendering login/index.html.haml within layouts/application
  Rendered login/index.html.haml within layouts/application (34.2ms)
Completed 200 OK in 120ms (Views: 110.7ms | ActiveRecord: 0.0ms)


  [1m[35m (0.1ms)[0m  [1m[35mBEGIN[0m
  [1m[35m (0.2ms)[0m  [1m[31mROLLBACK[0m
